{"contracts/CoreController.sol":{"l":{"22":0,"23":0,"24":0,"28":13,"29":13,"30":13,"34":0,"38":0},"path":"/home/turing/Desktop/deltadex/v1-core/contracts/CoreController.sol","s":{"1":0,"2":0,"3":13,"4":13,"5":0,"6":0},"b":{"1":[0,0],"2":[13,0]},"f":{"1":0,"2":13,"3":0,"4":0},"fnMap":{"1":{"name":"onlyDeployer","line":21,"loc":{"start":{"line":21,"column":4},"end":{"line":25,"column":4}}},"2":{"name":"onlyTrusted","line":27,"loc":{"start":{"line":27,"column":4},"end":{"line":31,"column":4}}},"3":{"name":"getStorageAddr","line":33,"loc":{"start":{"line":33,"column":4},"end":{"line":35,"column":4}}},"4":{"name":"getPeripheryAddr","line":37,"loc":{"start":{"line":37,"column":4},"end":{"line":39,"column":4}}}},"statementMap":{"1":{"start":{"line":22,"column":8},"end":{"line":22,"column":38}},"2":{"start":{"line":23,"column":8},"end":{"line":23,"column":50}},"3":{"start":{"line":28,"column":8},"end":{"line":28,"column":35}},"4":{"start":{"line":29,"column":8},"end":{"line":29,"column":64}},"5":{"start":{"line":34,"column":8},"end":{"line":34,"column":39}},"6":{"start":{"line":38,"column":8},"end":{"line":38,"column":40}}},"branchMap":{"1":{"line":23,"type":"if","locations":[{"start":{"line":23,"column":8},"end":{"line":23,"column":8}},{"start":{"line":23,"column":8},"end":{"line":23,"column":8}}]},"2":{"line":29,"type":"if","locations":[{"start":{"line":29,"column":8},"end":{"line":29,"column":8}},{"start":{"line":29,"column":8},"end":{"line":29,"column":8}}]}}},"contracts/dependencies/aave/FlashLoanReceiverBase.sol":{"l":{"20":0,"21":0},"path":"/home/turing/Desktop/deltadex/v1-core/contracts/dependencies/aave/FlashLoanReceiverBase.sol","s":{"1":0,"2":0},"b":{},"f":{"1":0},"fnMap":{"1":{"name":"constructor","line":19,"loc":{"start":{"line":19,"column":2},"end":{"line":22,"column":2}}}},"statementMap":{"1":{"start":{"line":20,"column":4},"end":{"line":20,"column":32}},"2":{"start":{"line":21,"column":4},"end":{"line":21,"column":57}}},"branchMap":{}},"contracts/dependencies/aave/IFlashLoanReceiver.sol":{"l":{},"path":"/home/turing/Desktop/deltadex/v1-core/contracts/dependencies/aave/IFlashLoanReceiver.sol","s":{},"b":{},"f":{},"fnMap":{},"statementMap":{},"branchMap":{}},"contracts/dependencies/aave/ILendingPool.sol":{"l":{},"path":"/home/turing/Desktop/deltadex/v1-core/contracts/dependencies/aave/ILendingPool.sol","s":{},"b":{},"f":{},"fnMap":{},"statementMap":{},"branchMap":{}},"contracts/dependencies/aave/ILendingPoolAddressProvider.sol":{"l":{},"path":"/home/turing/Desktop/deltadex/v1-core/contracts/dependencies/aave/ILendingPoolAddressProvider.sol","s":{},"b":{},"f":{},"fnMap":{},"statementMap":{},"branchMap":{}},"contracts/dependencies/chainlink/AggregatorV3Interface.sol":{"l":{},"path":"/home/turing/Desktop/deltadex/v1-core/contracts/dependencies/chainlink/AggregatorV3Interface.sol","s":{},"b":{},"f":{},"fnMap":{},"statementMap":{},"branchMap":{}},"contracts/dependencies/compound/ICompound.sol":{"l":{},"path":"/home/turing/Desktop/deltadex/v1-core/contracts/dependencies/compound/ICompound.sol","s":{},"b":{},"f":{},"fnMap":{},"statementMap":{},"branchMap":{}},"contracts/dependencies/openzeppelin/Address.sol":{"l":{"41":0,"61":0,"63":0,"64":0,"86":0,"100":13,"119":0,"134":13,"135":13,"136":13,"146":0,"160":0,"161":0,"171":0,"185":0,"186":0,"201":13,"202":13,"205":0,"207":13,"209":0,"224":0,"225":0,"227":0,"233":0,"236":0,"241":0},"path":"/home/turing/Desktop/deltadex/v1-core/contracts/dependencies/openzeppelin/Address.sol","s":{"1":0,"2":0,"3":0,"4":0,"5":0,"6":13,"7":0,"8":13,"9":13,"10":13,"11":0,"12":0,"13":0,"14":0,"15":0,"16":0,"17":13,"18":13,"19":0,"20":13,"21":0,"22":0,"23":0,"24":0,"25":0,"26":0},"b":{"1":[0,0],"2":[0,0],"3":[13,0],"4":[13,0],"5":[0,13],"6":[0,0],"7":[0,0],"8":[0,0]},"f":{"1":0,"2":0,"3":0,"4":13,"5":0,"6":13,"7":0,"8":0,"9":0,"10":0,"11":13,"12":0,"13":0},"fnMap":{"1":{"name":"isContract","line":36,"loc":{"start":{"line":36,"column":4},"end":{"line":42,"column":4}}},"2":{"name":"sendValue","line":60,"loc":{"start":{"line":60,"column":4},"end":{"line":65,"column":4}}},"3":{"name":"functionCall","line":85,"loc":{"start":{"line":85,"column":4},"end":{"line":87,"column":4}}},"4":{"name":"functionCall","line":95,"loc":{"start":{"line":95,"column":4},"end":{"line":101,"column":4}}},"5":{"name":"functionCallWithValue","line":114,"loc":{"start":{"line":114,"column":4},"end":{"line":120,"column":4}}},"6":{"name":"functionCallWithValue","line":128,"loc":{"start":{"line":128,"column":4},"end":{"line":137,"column":4}}},"7":{"name":"functionStaticCall","line":145,"loc":{"start":{"line":145,"column":4},"end":{"line":147,"column":4}}},"8":{"name":"functionStaticCall","line":155,"loc":{"start":{"line":155,"column":4},"end":{"line":162,"column":4}}},"9":{"name":"functionDelegateCall","line":170,"loc":{"start":{"line":170,"column":4},"end":{"line":172,"column":4}}},"10":{"name":"functionDelegateCall","line":180,"loc":{"start":{"line":180,"column":4},"end":{"line":187,"column":4}}},"11":{"name":"verifyCallResultFromTarget","line":195,"loc":{"start":{"line":195,"column":4},"end":{"line":211,"column":4}}},"12":{"name":"verifyCallResult","line":219,"loc":{"start":{"line":219,"column":4},"end":{"line":229,"column":4}}},"13":{"name":"_revert","line":231,"loc":{"start":{"line":231,"column":4},"end":{"line":243,"column":4}}}},"statementMap":{"1":{"start":{"line":41,"column":8},"end":{"line":41,"column":38}},"2":{"start":{"line":61,"column":8},"end":{"line":61,"column":80}},"3":{"start":{"line":63,"column":8},"end":{"line":63,"column":60}},"4":{"start":{"line":64,"column":8},"end":{"line":64,"column":85}},"5":{"start":{"line":86,"column":8},"end":{"line":86,"column":87}},"6":{"start":{"line":100,"column":8},"end":{"line":100,"column":67}},"7":{"start":{"line":119,"column":8},"end":{"line":119,"column":102}},"8":{"start":{"line":134,"column":8},"end":{"line":134,"column":88}},"9":{"start":{"line":135,"column":8},"end":{"line":135,"column":81}},"10":{"start":{"line":136,"column":8},"end":{"line":136,"column":84}},"11":{"start":{"line":146,"column":8},"end":{"line":146,"column":88}},"12":{"start":{"line":160,"column":8},"end":{"line":160,"column":73}},"13":{"start":{"line":161,"column":8},"end":{"line":161,"column":84}},"14":{"start":{"line":171,"column":8},"end":{"line":171,"column":92}},"15":{"start":{"line":185,"column":8},"end":{"line":185,"column":75}},"16":{"start":{"line":186,"column":8},"end":{"line":186,"column":84}},"17":{"start":{"line":201,"column":8},"end":{"line":201,"column":7679}},"18":{"start":{"line":202,"column":12},"end":{"line":202,"column":7710}},"19":{"start":{"line":205,"column":16},"end":{"line":205,"column":75}},"20":{"start":{"line":207,"column":12},"end":{"line":207,"column":29}},"21":{"start":{"line":209,"column":12},"end":{"line":209,"column":44}},"22":{"start":{"line":224,"column":8},"end":{"line":224,"column":8494}},"23":{"start":{"line":225,"column":12},"end":{"line":225,"column":29}},"24":{"start":{"line":227,"column":12},"end":{"line":227,"column":44}},"25":{"start":{"line":233,"column":8},"end":{"line":233,"column":8780}},"26":{"start":{"line":241,"column":12},"end":{"line":241,"column":31}}},"branchMap":{"1":{"line":61,"type":"if","locations":[{"start":{"line":61,"column":8},"end":{"line":61,"column":8}},{"start":{"line":61,"column":8},"end":{"line":61,"column":8}}]},"2":{"line":64,"type":"if","locations":[{"start":{"line":64,"column":8},"end":{"line":64,"column":8}},{"start":{"line":64,"column":8},"end":{"line":64,"column":8}}]},"3":{"line":134,"type":"if","locations":[{"start":{"line":134,"column":8},"end":{"line":134,"column":8}},{"start":{"line":134,"column":8},"end":{"line":134,"column":8}}]},"4":{"line":201,"type":"if","locations":[{"start":{"line":201,"column":8},"end":{"line":201,"column":8}},{"start":{"line":201,"column":8},"end":{"line":201,"column":8}}]},"5":{"line":202,"type":"if","locations":[{"start":{"line":202,"column":12},"end":{"line":202,"column":12}},{"start":{"line":202,"column":12},"end":{"line":202,"column":12}}]},"6":{"line":205,"type":"if","locations":[{"start":{"line":205,"column":16},"end":{"line":205,"column":16}},{"start":{"line":205,"column":16},"end":{"line":205,"column":16}}]},"7":{"line":224,"type":"if","locations":[{"start":{"line":224,"column":8},"end":{"line":224,"column":8}},{"start":{"line":224,"column":8},"end":{"line":224,"column":8}}]},"8":{"line":233,"type":"if","locations":[{"start":{"line":233,"column":8},"end":{"line":233,"column":8}},{"start":{"line":233,"column":8},"end":{"line":233,"column":8}}]}}},"contracts/dependencies/openzeppelin/draft-IERC20Permit.sol":{"l":{},"path":"/home/turing/Desktop/deltadex/v1-core/contracts/dependencies/openzeppelin/draft-IERC20Permit.sol","s":{},"b":{},"f":{},"fnMap":{},"statementMap":{},"branchMap":{}},"contracts/dependencies/openzeppelin/ERC20/Context.sol":{"l":{"18":0,"22":0},"path":"/home/turing/Desktop/deltadex/v1-core/contracts/dependencies/openzeppelin/ERC20/Context.sol","s":{"1":0,"2":0},"b":{},"f":{"1":0,"2":0},"fnMap":{"1":{"name":"_msgSender","line":17,"loc":{"start":{"line":17,"column":4},"end":{"line":19,"column":4}}},"2":{"name":"_msgData","line":21,"loc":{"start":{"line":21,"column":4},"end":{"line":23,"column":4}}}},"statementMap":{"1":{"start":{"line":18,"column":8},"end":{"line":18,"column":25}},"2":{"start":{"line":22,"column":8},"end":{"line":22,"column":23}}},"branchMap":{}},"contracts/dependencies/openzeppelin/ERC20/ERC20.sol":{"l":{"55":0,"56":0,"63":0,"71":0,"88":0,"95":0,"102":0,"114":0,"115":0,"116":0,"123":0,"137":0,"138":0,"139":0,"163":0,"164":0,"165":0,"166":0,"182":0,"183":0,"184":0,"202":0,"203":0,"204":0,"205":0,"206":0,"209":0,"231":0,"232":0,"234":0,"236":0,"237":0,"238":0,"239":0,"242":0,"245":0,"247":0,"260":0,"262":0,"264":0,"265":0,"267":0,"269":0,"271":0,"286":0,"288":0,"290":0,"291":0,"292":0,"293":0,"295":0,"298":0,"300":0,"321":0,"322":0,"324":0,"325":0,"341":0,"342":0,"343":0,"344":0,"345":0},"path":"/home/turing/Desktop/deltadex/v1-core/contracts/dependencies/openzeppelin/ERC20/ERC20.sol","s":{"1":0,"2":0,"3":0,"4":0,"5":0,"6":0,"7":0,"8":0,"9":0,"10":0,"11":0,"12":0,"13":0,"14":0,"15":0,"16":0,"17":0,"18":0,"19":0,"20":0,"21":0,"22":0,"23":0,"24":0,"25":0,"26":0,"27":0,"28":0,"29":0,"30":0,"31":0,"32":0,"33":0,"34":0,"35":0,"36":0,"37":0,"38":0,"39":0,"40":0,"41":0,"42":0,"43":0,"44":0,"45":0,"46":0,"47":0,"48":0,"49":0,"50":0,"51":0,"52":0,"53":0,"54":0,"55":0,"56":0,"57":0},"b":{"1":[0,0],"2":[0,0],"3":[0,0],"4":[0,0],"5":[0,0],"6":[0,0],"7":[0,0],"8":[0,0],"9":[0,0],"10":[0,0],"11":[0,0]},"f":{"1":0,"2":0,"3":0,"4":0,"5":0,"6":0,"7":0,"8":0,"9":0,"10":0,"11":0,"12":0,"13":0,"14":0,"15":0,"16":0,"17":0,"18":0,"19":0},"fnMap":{"1":{"name":"constructor","line":54,"loc":{"start":{"line":54,"column":4},"end":{"line":57,"column":4}}},"2":{"name":"name","line":62,"loc":{"start":{"line":62,"column":4},"end":{"line":64,"column":4}}},"3":{"name":"symbol","line":70,"loc":{"start":{"line":70,"column":4},"end":{"line":72,"column":4}}},"4":{"name":"decimals","line":87,"loc":{"start":{"line":87,"column":4},"end":{"line":89,"column":4}}},"5":{"name":"totalSupply","line":94,"loc":{"start":{"line":94,"column":4},"end":{"line":96,"column":4}}},"6":{"name":"balanceOf","line":101,"loc":{"start":{"line":101,"column":4},"end":{"line":103,"column":4}}},"7":{"name":"transfer","line":113,"loc":{"start":{"line":113,"column":4},"end":{"line":117,"column":4}}},"8":{"name":"allowance","line":122,"loc":{"start":{"line":122,"column":4},"end":{"line":124,"column":4}}},"9":{"name":"approve","line":136,"loc":{"start":{"line":136,"column":4},"end":{"line":140,"column":4}}},"10":{"name":"transferFrom","line":158,"loc":{"start":{"line":158,"column":4},"end":{"line":167,"column":4}}},"11":{"name":"increaseAllowance","line":181,"loc":{"start":{"line":181,"column":4},"end":{"line":185,"column":4}}},"12":{"name":"decreaseAllowance","line":201,"loc":{"start":{"line":201,"column":4},"end":{"line":210,"column":4}}},"13":{"name":"_transfer","line":226,"loc":{"start":{"line":226,"column":4},"end":{"line":248,"column":4}}},"14":{"name":"_mint","line":259,"loc":{"start":{"line":259,"column":4},"end":{"line":272,"column":4}}},"15":{"name":"_burn","line":285,"loc":{"start":{"line":285,"column":4},"end":{"line":301,"column":4}}},"16":{"name":"_approve","line":316,"loc":{"start":{"line":316,"column":4},"end":{"line":326,"column":4}}},"17":{"name":"_spendAllowance","line":336,"loc":{"start":{"line":336,"column":4},"end":{"line":348,"column":4}}},"18":{"name":"_beforeTokenTransfer","line":364,"loc":{"start":{"line":364,"column":4},"end":{"line":368,"column":24}}},"19":{"name":"_afterTokenTransfer","line":384,"loc":{"start":{"line":384,"column":4},"end":{"line":388,"column":24}}}},"statementMap":{"1":{"start":{"line":55,"column":8},"end":{"line":55,"column":20}},"2":{"start":{"line":56,"column":8},"end":{"line":56,"column":24}},"3":{"start":{"line":63,"column":8},"end":{"line":63,"column":20}},"4":{"start":{"line":71,"column":8},"end":{"line":71,"column":22}},"5":{"start":{"line":88,"column":8},"end":{"line":88,"column":17}},"6":{"start":{"line":95,"column":8},"end":{"line":95,"column":27}},"7":{"start":{"line":102,"column":8},"end":{"line":102,"column":33}},"8":{"start":{"line":114,"column":8},"end":{"line":114,"column":36}},"9":{"start":{"line":115,"column":8},"end":{"line":115,"column":35}},"10":{"start":{"line":116,"column":8},"end":{"line":116,"column":19}},"11":{"start":{"line":123,"column":8},"end":{"line":123,"column":42}},"12":{"start":{"line":137,"column":8},"end":{"line":137,"column":36}},"13":{"start":{"line":138,"column":8},"end":{"line":138,"column":39}},"14":{"start":{"line":139,"column":8},"end":{"line":139,"column":19}},"15":{"start":{"line":163,"column":8},"end":{"line":163,"column":38}},"16":{"start":{"line":164,"column":8},"end":{"line":164,"column":45}},"17":{"start":{"line":165,"column":8},"end":{"line":165,"column":34}},"18":{"start":{"line":166,"column":8},"end":{"line":166,"column":19}},"19":{"start":{"line":182,"column":8},"end":{"line":182,"column":36}},"20":{"start":{"line":183,"column":8},"end":{"line":183,"column":71}},"21":{"start":{"line":184,"column":8},"end":{"line":184,"column":19}},"22":{"start":{"line":202,"column":8},"end":{"line":202,"column":36}},"23":{"start":{"line":203,"column":8},"end":{"line":203,"column":60}},"24":{"start":{"line":204,"column":8},"end":{"line":204,"column":92}},"25":{"start":{"line":206,"column":12},"end":{"line":206,"column":71}},"26":{"start":{"line":209,"column":8},"end":{"line":209,"column":19}},"27":{"start":{"line":231,"column":8},"end":{"line":231,"column":75}},"28":{"start":{"line":232,"column":8},"end":{"line":232,"column":71}},"29":{"start":{"line":234,"column":8},"end":{"line":234,"column":45}},"30":{"start":{"line":236,"column":8},"end":{"line":236,"column":45}},"31":{"start":{"line":237,"column":8},"end":{"line":237,"column":79}},"32":{"start":{"line":239,"column":12},"end":{"line":239,"column":49}},"33":{"start":{"line":242,"column":12},"end":{"line":242,"column":34}},"34":{"start":{"line":245,"column":8},"end":{"line":245,"column":39}},"35":{"start":{"line":247,"column":8},"end":{"line":247,"column":44}},"36":{"start":{"line":260,"column":8},"end":{"line":260,"column":72}},"37":{"start":{"line":262,"column":8},"end":{"line":262,"column":56}},"38":{"start":{"line":264,"column":8},"end":{"line":264,"column":29}},"39":{"start":{"line":267,"column":12},"end":{"line":267,"column":39}},"40":{"start":{"line":269,"column":8},"end":{"line":269,"column":50}},"41":{"start":{"line":271,"column":8},"end":{"line":271,"column":55}},"42":{"start":{"line":286,"column":8},"end":{"line":286,"column":74}},"43":{"start":{"line":288,"column":8},"end":{"line":288,"column":56}},"44":{"start":{"line":290,"column":8},"end":{"line":290,"column":51}},"45":{"start":{"line":291,"column":8},"end":{"line":291,"column":78}},"46":{"start":{"line":293,"column":12},"end":{"line":293,"column":55}},"47":{"start":{"line":295,"column":12},"end":{"line":295,"column":33}},"48":{"start":{"line":298,"column":8},"end":{"line":298,"column":50}},"49":{"start":{"line":300,"column":8},"end":{"line":300,"column":55}},"50":{"start":{"line":321,"column":8},"end":{"line":321,"column":75}},"51":{"start":{"line":322,"column":8},"end":{"line":322,"column":75}},"52":{"start":{"line":324,"column":8},"end":{"line":324,"column":43}},"53":{"start":{"line":325,"column":8},"end":{"line":325,"column":45}},"54":{"start":{"line":341,"column":8},"end":{"line":341,"column":60}},"55":{"start":{"line":342,"column":8},"end":{"line":342,"column":11369}},"56":{"start":{"line":343,"column":12},"end":{"line":343,"column":79}},"57":{"start":{"line":345,"column":16},"end":{"line":345,"column":66}}},"branchMap":{"1":{"line":204,"type":"if","locations":[{"start":{"line":204,"column":8},"end":{"line":204,"column":8}},{"start":{"line":204,"column":8},"end":{"line":204,"column":8}}]},"2":{"line":231,"type":"if","locations":[{"start":{"line":231,"column":8},"end":{"line":231,"column":8}},{"start":{"line":231,"column":8},"end":{"line":231,"column":8}}]},"3":{"line":232,"type":"if","locations":[{"start":{"line":232,"column":8},"end":{"line":232,"column":8}},{"start":{"line":232,"column":8},"end":{"line":232,"column":8}}]},"4":{"line":237,"type":"if","locations":[{"start":{"line":237,"column":8},"end":{"line":237,"column":8}},{"start":{"line":237,"column":8},"end":{"line":237,"column":8}}]},"5":{"line":260,"type":"if","locations":[{"start":{"line":260,"column":8},"end":{"line":260,"column":8}},{"start":{"line":260,"column":8},"end":{"line":260,"column":8}}]},"6":{"line":286,"type":"if","locations":[{"start":{"line":286,"column":8},"end":{"line":286,"column":8}},{"start":{"line":286,"column":8},"end":{"line":286,"column":8}}]},"7":{"line":291,"type":"if","locations":[{"start":{"line":291,"column":8},"end":{"line":291,"column":8}},{"start":{"line":291,"column":8},"end":{"line":291,"column":8}}]},"8":{"line":321,"type":"if","locations":[{"start":{"line":321,"column":8},"end":{"line":321,"column":8}},{"start":{"line":321,"column":8},"end":{"line":321,"column":8}}]},"9":{"line":322,"type":"if","locations":[{"start":{"line":322,"column":8},"end":{"line":322,"column":8}},{"start":{"line":322,"column":8},"end":{"line":322,"column":8}}]},"10":{"line":342,"type":"if","locations":[{"start":{"line":342,"column":8},"end":{"line":342,"column":8}},{"start":{"line":342,"column":8},"end":{"line":342,"column":8}}]},"11":{"line":343,"type":"if","locations":[{"start":{"line":343,"column":12},"end":{"line":343,"column":12}},{"start":{"line":343,"column":12},"end":{"line":343,"column":12}}]}}},"contracts/dependencies/openzeppelin/ERC20/IERC20Metadata.sol":{"l":{},"path":"/home/turing/Desktop/deltadex/v1-core/contracts/dependencies/openzeppelin/ERC20/IERC20Metadata.sol","s":{},"b":{},"f":{},"fnMap":{},"statementMap":{},"branchMap":{}},"contracts/dependencies/openzeppelin/IERC20.sol":{"l":{},"path":"/home/turing/Desktop/deltadex/v1-core/contracts/dependencies/openzeppelin/IERC20.sol","s":{},"b":{},"f":{},"fnMap":{},"statementMap":{},"branchMap":{}},"contracts/dependencies/openzeppelin/ReentrancyGuard.sol":{"l":{"40":3,"51":16,"52":16,"53":16,"58":16,"61":16,"67":16,"75":0},"path":"/home/turing/Desktop/deltadex/v1-core/contracts/dependencies/openzeppelin/ReentrancyGuard.sol","s":{"1":3,"2":16,"3":16,"4":16,"5":16,"6":16,"7":0},"b":{"1":[16,0]},"f":{"1":3,"2":16,"3":16,"4":16,"5":0},"fnMap":{"1":{"name":"constructor","line":39,"loc":{"start":{"line":39,"column":4},"end":{"line":41,"column":4}}},"2":{"name":"nonReentrant","line":50,"loc":{"start":{"line":50,"column":4},"end":{"line":54,"column":4}}},"3":{"name":"_nonReentrantBefore","line":56,"loc":{"start":{"line":56,"column":4},"end":{"line":62,"column":4}}},"4":{"name":"_nonReentrantAfter","line":64,"loc":{"start":{"line":64,"column":4},"end":{"line":68,"column":4}}},"5":{"name":"_reentrancyGuardEntered","line":74,"loc":{"start":{"line":74,"column":4},"end":{"line":76,"column":4}}}},"statementMap":{"1":{"start":{"line":40,"column":8},"end":{"line":40,"column":29}},"2":{"start":{"line":51,"column":8},"end":{"line":51,"column":28}},"3":{"start":{"line":53,"column":8},"end":{"line":53,"column":27}},"4":{"start":{"line":58,"column":8},"end":{"line":58,"column":70}},"5":{"start":{"line":61,"column":8},"end":{"line":61,"column":25}},"6":{"start":{"line":67,"column":8},"end":{"line":67,"column":29}},"7":{"start":{"line":75,"column":8},"end":{"line":75,"column":34}}},"branchMap":{"1":{"line":58,"type":"if","locations":[{"start":{"line":58,"column":8},"end":{"line":58,"column":8}},{"start":{"line":58,"column":8},"end":{"line":58,"column":8}}]}}},"contracts/dependencies/openzeppelin/SafeERC20.sol":{"l":{"27":5,"36":8,"54":0,"58":0,"66":0,"67":0,"75":0,"76":0,"77":0,"78":0,"79":0,"93":0,"94":0,"95":0,"96":0,"110":13,"111":13,"113":13},"path":"/home/turing/Desktop/deltadex/v1-core/contracts/dependencies/openzeppelin/SafeERC20.sol","s":{"1":5,"2":8,"3":0,"4":0,"5":0,"6":0,"7":0,"8":0,"9":0,"10":0,"11":0,"12":0,"13":0,"14":0,"15":13,"16":13,"17":13},"b":{"1":[0,0],"2":[0,0],"3":[0,0],"4":[13,0],"5":[13,0]},"f":{"1":5,"2":8,"3":0,"4":0,"5":0,"6":0,"7":13},"fnMap":{"1":{"name":"safeTransfer","line":22,"loc":{"start":{"line":22,"column":4},"end":{"line":28,"column":4}}},"2":{"name":"safeTransferFrom","line":30,"loc":{"start":{"line":30,"column":4},"end":{"line":37,"column":4}}},"3":{"name":"safeApprove","line":46,"loc":{"start":{"line":46,"column":4},"end":{"line":59,"column":4}}},"4":{"name":"safeIncreaseAllowance","line":61,"loc":{"start":{"line":61,"column":4},"end":{"line":68,"column":4}}},"5":{"name":"safeDecreaseAllowance","line":70,"loc":{"start":{"line":70,"column":4},"end":{"line":81,"column":4}}},"6":{"name":"safePermit","line":83,"loc":{"start":{"line":83,"column":4},"end":{"line":97,"column":4}}},"7":{"name":"_callOptionalReturn","line":105,"loc":{"start":{"line":105,"column":4},"end":{"line":115,"column":4}}}},"statementMap":{"1":{"start":{"line":27,"column":8},"end":{"line":27,"column":93}},"2":{"start":{"line":36,"column":8},"end":{"line":36,"column":103}},"3":{"start":{"line":54,"column":8},"end":{"line":54,"column":1791}},"4":{"start":{"line":58,"column":8},"end":{"line":58,"column":97}},"5":{"start":{"line":66,"column":8},"end":{"line":66,"column":78}},"6":{"start":{"line":67,"column":8},"end":{"line":67,"column":104}},"7":{"start":{"line":76,"column":12},"end":{"line":76,"column":74}},"8":{"start":{"line":77,"column":12},"end":{"line":77,"column":86}},"9":{"start":{"line":78,"column":12},"end":{"line":78,"column":55}},"10":{"start":{"line":79,"column":12},"end":{"line":79,"column":108}},"11":{"start":{"line":93,"column":8},"end":{"line":93,"column":49}},"12":{"start":{"line":94,"column":8},"end":{"line":94,"column":61}},"13":{"start":{"line":95,"column":8},"end":{"line":95,"column":48}},"14":{"start":{"line":96,"column":8},"end":{"line":96,"column":82}},"15":{"start":{"line":110,"column":8},"end":{"line":110,"column":103}},"16":{"start":{"line":111,"column":8},"end":{"line":111,"column":4254}},"17":{"start":{"line":113,"column":12},"end":{"line":113,"column":96}}},"branchMap":{"1":{"line":54,"type":"if","locations":[{"start":{"line":54,"column":8},"end":{"line":54,"column":8}},{"start":{"line":54,"column":8},"end":{"line":54,"column":8}}]},"2":{"line":77,"type":"if","locations":[{"start":{"line":77,"column":12},"end":{"line":77,"column":12}},{"start":{"line":77,"column":12},"end":{"line":77,"column":12}}]},"3":{"line":96,"type":"if","locations":[{"start":{"line":96,"column":8},"end":{"line":96,"column":8}},{"start":{"line":96,"column":8},"end":{"line":96,"column":8}}]},"4":{"line":111,"type":"if","locations":[{"start":{"line":111,"column":8},"end":{"line":111,"column":8}},{"start":{"line":111,"column":8},"end":{"line":111,"column":8}}]},"5":{"line":113,"type":"if","locations":[{"start":{"line":113,"column":12},"end":{"line":113,"column":12}},{"start":{"line":113,"column":12},"end":{"line":113,"column":12}}]}}},"contracts/dependencies/openzeppelin/SafeMath.sol":{"l":{"23":0,"24":0,"25":0,"26":0,"36":0,"37":0,"38":0,"48":0,"52":0,"53":0,"54":0,"55":0,"65":0,"66":0,"67":0,"77":0,"78":0,"79":0,"94":0,"108":0,"122":0,"136":0,"152":0,"173":0,"174":0,"175":0,"196":0,"197":0,"198":0,"222":0,"223":0,"224":0},"path":"/home/turing/Desktop/deltadex/v1-core/contracts/dependencies/openzeppelin/SafeMath.sol","s":{"1":0,"2":0,"3":0,"4":0,"5":0,"6":0,"7":0,"8":0,"9":0,"10":0,"11":0,"12":0,"13":0,"14":0,"15":0,"16":0,"17":0,"18":0,"19":0,"20":0,"21":0,"22":0,"23":0,"24":0,"25":0,"26":0,"27":0,"28":0,"29":0,"30":0},"b":{"1":[0,0],"2":[0,0],"3":[0,0],"4":[0,0],"5":[0,0],"6":[0,0],"7":[0,0],"8":[0,0],"9":[0,0]},"f":{"1":0,"2":0,"3":0,"4":0,"5":0,"6":0,"7":0,"8":0,"9":0,"10":0,"11":0,"12":0,"13":0},"fnMap":{"1":{"name":"tryAdd","line":22,"loc":{"start":{"line":22,"column":4},"end":{"line":28,"column":4}}},"2":{"name":"trySub","line":35,"loc":{"start":{"line":35,"column":4},"end":{"line":40,"column":4}}},"3":{"name":"tryMul","line":47,"loc":{"start":{"line":47,"column":4},"end":{"line":57,"column":4}}},"4":{"name":"tryDiv","line":64,"loc":{"start":{"line":64,"column":4},"end":{"line":69,"column":4}}},"5":{"name":"tryMod","line":76,"loc":{"start":{"line":76,"column":4},"end":{"line":81,"column":4}}},"6":{"name":"add","line":93,"loc":{"start":{"line":93,"column":4},"end":{"line":95,"column":4}}},"7":{"name":"sub","line":107,"loc":{"start":{"line":107,"column":4},"end":{"line":109,"column":4}}},"8":{"name":"mul","line":121,"loc":{"start":{"line":121,"column":4},"end":{"line":123,"column":4}}},"9":{"name":"div","line":135,"loc":{"start":{"line":135,"column":4},"end":{"line":137,"column":4}}},"10":{"name":"mod","line":151,"loc":{"start":{"line":151,"column":4},"end":{"line":153,"column":4}}},"11":{"name":"sub","line":168,"loc":{"start":{"line":168,"column":4},"end":{"line":177,"column":4}}},"12":{"name":"div","line":191,"loc":{"start":{"line":191,"column":4},"end":{"line":200,"column":4}}},"13":{"name":"mod","line":217,"loc":{"start":{"line":217,"column":4},"end":{"line":226,"column":4}}}},"statementMap":{"1":{"start":{"line":24,"column":12},"end":{"line":24,"column":29}},"2":{"start":{"line":25,"column":12},"end":{"line":25,"column":40}},"3":{"start":{"line":25,"column":23},"end":{"line":25,"column":40}},"4":{"start":{"line":26,"column":12},"end":{"line":26,"column":28}},"5":{"start":{"line":37,"column":12},"end":{"line":37,"column":40}},"6":{"start":{"line":37,"column":23},"end":{"line":37,"column":40}},"7":{"start":{"line":38,"column":12},"end":{"line":38,"column":32}},"8":{"start":{"line":52,"column":12},"end":{"line":52,"column":40}},"9":{"start":{"line":52,"column":24},"end":{"line":52,"column":40}},"10":{"start":{"line":53,"column":12},"end":{"line":53,"column":29}},"11":{"start":{"line":54,"column":12},"end":{"line":54,"column":45}},"12":{"start":{"line":54,"column":28},"end":{"line":54,"column":45}},"13":{"start":{"line":55,"column":12},"end":{"line":55,"column":28}},"14":{"start":{"line":66,"column":12},"end":{"line":66,"column":41}},"15":{"start":{"line":66,"column":24},"end":{"line":66,"column":41}},"16":{"start":{"line":67,"column":12},"end":{"line":67,"column":32}},"17":{"start":{"line":78,"column":12},"end":{"line":78,"column":41}},"18":{"start":{"line":78,"column":24},"end":{"line":78,"column":41}},"19":{"start":{"line":79,"column":12},"end":{"line":79,"column":32}},"20":{"start":{"line":94,"column":8},"end":{"line":94,"column":20}},"21":{"start":{"line":108,"column":8},"end":{"line":108,"column":20}},"22":{"start":{"line":122,"column":8},"end":{"line":122,"column":20}},"23":{"start":{"line":136,"column":8},"end":{"line":136,"column":20}},"24":{"start":{"line":152,"column":8},"end":{"line":152,"column":20}},"25":{"start":{"line":174,"column":12},"end":{"line":174,"column":40}},"26":{"start":{"line":175,"column":12},"end":{"line":175,"column":24}},"27":{"start":{"line":197,"column":12},"end":{"line":197,"column":39}},"28":{"start":{"line":198,"column":12},"end":{"line":198,"column":24}},"29":{"start":{"line":223,"column":12},"end":{"line":223,"column":39}},"30":{"start":{"line":224,"column":12},"end":{"line":224,"column":24}}},"branchMap":{"1":{"line":25,"type":"if","locations":[{"start":{"line":25,"column":12},"end":{"line":25,"column":12}},{"start":{"line":25,"column":12},"end":{"line":25,"column":12}}]},"2":{"line":37,"type":"if","locations":[{"start":{"line":37,"column":12},"end":{"line":37,"column":12}},{"start":{"line":37,"column":12},"end":{"line":37,"column":12}}]},"3":{"line":52,"type":"if","locations":[{"start":{"line":52,"column":12},"end":{"line":52,"column":12}},{"start":{"line":52,"column":12},"end":{"line":52,"column":12}}]},"4":{"line":54,"type":"if","locations":[{"start":{"line":54,"column":12},"end":{"line":54,"column":12}},{"start":{"line":54,"column":12},"end":{"line":54,"column":12}}]},"5":{"line":66,"type":"if","locations":[{"start":{"line":66,"column":12},"end":{"line":66,"column":12}},{"start":{"line":66,"column":12},"end":{"line":66,"column":12}}]},"6":{"line":78,"type":"if","locations":[{"start":{"line":78,"column":12},"end":{"line":78,"column":12}},{"start":{"line":78,"column":12},"end":{"line":78,"column":12}}]},"7":{"line":174,"type":"if","locations":[{"start":{"line":174,"column":12},"end":{"line":174,"column":12}},{"start":{"line":174,"column":12},"end":{"line":174,"column":12}}]},"8":{"line":197,"type":"if","locations":[{"start":{"line":197,"column":12},"end":{"line":197,"column":12}},{"start":{"line":197,"column":12},"end":{"line":197,"column":12}}]},"9":{"line":223,"type":"if","locations":[{"start":{"line":223,"column":12},"end":{"line":223,"column":12}},{"start":{"line":223,"column":12},"end":{"line":223,"column":12}}]}}},"contracts/dependencies/prb-math/PRBMath.sol":{"l":{"128":12,"130":12,"134":12,"135":4,"137":12,"138":1,"140":12,"141":8,"143":12,"144":2,"146":12,"147":1,"149":12,"150":7,"152":12,"153":4,"155":12,"156":6,"158":12,"159":10,"161":12,"162":9,"164":12,"165":7,"167":12,"168":8,"170":12,"171":3,"173":12,"174":2,"176":12,"177":9,"179":12,"180":10,"182":12,"183":4,"185":12,"186":6,"188":12,"189":6,"191":12,"192":4,"194":12,"195":4,"197":12,"198":7,"200":12,"201":9,"203":12,"204":6,"206":12,"207":2,"209":12,"210":9,"212":12,"213":5,"215":12,"216":9,"218":12,"219":11,"221":12,"222":6,"224":12,"225":7,"227":12,"228":1,"230":12,"231":2,"233":12,"234":11,"236":12,"237":4,"239":12,"240":6,"242":12,"243":8,"245":12,"246":6,"248":12,"249":6,"251":12,"252":5,"254":12,"255":7,"257":12,"258":5,"260":12,"261":5,"263":12,"264":10,"266":12,"267":10,"269":12,"270":7,"272":12,"273":2,"275":12,"276":5,"278":12,"279":5,"281":12,"282":4,"284":12,"285":5,"287":12,"288":6,"290":12,"291":6,"293":12,"294":8,"296":12,"297":4,"299":12,"300":9,"302":12,"303":5,"305":12,"306":7,"308":12,"309":3,"311":12,"312":10,"314":12,"315":3,"317":12,"318":4,"320":12,"321":10,"323":12,"324":5,"335":12,"336":12,"345":12,"346":0,"347":0,"349":12,"350":0,"351":0,"353":12,"354":0,"355":0,"357":12,"358":0,"359":0,"361":12,"362":0,"363":0,"365":12,"366":0,"367":0,"369":12,"370":0,"371":0,"373":12,"375":0,"402":41,"403":41,"404":41,"411":41,"412":41,"413":41,"415":41,"419":0,"420":0,"428":0,"429":0,"440":0,"442":0,"443":0,"455":0,"460":0,"464":0,"465":0,"466":0,"467":0,"468":0,"469":0,"475":0,"476":0,"499":39,"500":39,"501":39,"507":39,"508":0,"511":39,"512":39,"513":39,"518":39,"519":39,"520":39,"521":39,"525":0,"556":0,"557":0,"561":0,"562":0,"563":0,"564":0,"565":0,"566":0,"567":0,"571":0,"572":0,"573":0,"577":0,"578":0,"579":0,"580":0,"588":0,"600":6,"601":0,"605":6,"606":6,"607":6,"608":0,"609":0,"611":6,"612":6,"613":6,"615":6,"616":6,"617":6,"619":6,"620":6,"621":6,"623":6,"624":0,"625":0,"627":6,"628":6,"629":6,"631":6,"632":0,"636":6,"637":6,"638":6,"639":6,"640":6,"641":6,"642":6,"643":6,"644":6,"645":6},"path":"/home/turing/Desktop/deltadex/v1-core/contracts/dependencies/prb-math/PRBMath.sol","s":{"1":12,"2":12,"3":4,"4":12,"5":1,"6":12,"7":8,"8":12,"9":2,"10":12,"11":1,"12":12,"13":7,"14":12,"15":4,"16":12,"17":6,"18":12,"19":10,"20":12,"21":9,"22":12,"23":7,"24":12,"25":8,"26":12,"27":3,"28":12,"29":2,"30":12,"31":9,"32":12,"33":10,"34":12,"35":4,"36":12,"37":6,"38":12,"39":6,"40":12,"41":4,"42":12,"43":4,"44":12,"45":7,"46":12,"47":9,"48":12,"49":6,"50":12,"51":2,"52":12,"53":9,"54":12,"55":5,"56":12,"57":9,"58":12,"59":11,"60":12,"61":6,"62":12,"63":7,"64":12,"65":1,"66":12,"67":2,"68":12,"69":11,"70":12,"71":4,"72":12,"73":6,"74":12,"75":8,"76":12,"77":6,"78":12,"79":6,"80":12,"81":5,"82":12,"83":7,"84":12,"85":5,"86":12,"87":5,"88":12,"89":10,"90":12,"91":10,"92":12,"93":7,"94":12,"95":2,"96":12,"97":5,"98":12,"99":5,"100":12,"101":4,"102":12,"103":5,"104":12,"105":6,"106":12,"107":6,"108":12,"109":8,"110":12,"111":4,"112":12,"113":9,"114":12,"115":5,"116":12,"117":7,"118":12,"119":3,"120":12,"121":10,"122":12,"123":3,"124":12,"125":4,"126":12,"127":10,"128":12,"129":5,"130":12,"131":12,"132":12,"133":0,"134":0,"135":12,"136":0,"137":0,"138":12,"139":0,"140":0,"141":12,"142":0,"143":0,"144":12,"145":0,"146":0,"147":12,"148":0,"149":0,"150":12,"151":0,"152":0,"153":12,"154":0,"155":41,"156":41,"157":41,"158":41,"159":41,"160":0,"161":0,"162":0,"163":0,"164":0,"165":0,"166":0,"167":0,"168":0,"169":0,"170":0,"171":0,"172":0,"173":39,"174":39,"175":39,"176":39,"177":39,"178":39,"179":39,"180":39,"181":0,"182":0,"183":0,"184":0,"185":0,"186":0,"187":0,"188":0,"189":0,"190":0,"191":0,"192":0,"193":0,"194":6,"195":0,"196":6,"197":6,"198":6,"199":0,"200":0,"201":6,"202":6,"203":6,"204":6,"205":6,"206":6,"207":6,"208":6,"209":6,"210":6,"211":0,"212":0,"213":6,"214":6,"215":6,"216":6,"217":0,"218":6,"219":6,"220":6,"221":6,"222":6,"223":6,"224":6,"225":6,"226":6},"b":{"1":[4,8],"2":[1,11],"3":[8,4],"4":[2,10],"5":[1,11],"6":[7,5],"7":[4,8],"8":[6,6],"9":[10,2],"10":[9,3],"11":[7,5],"12":[8,4],"13":[3,9],"14":[2,10],"15":[9,3],"16":[10,2],"17":[4,8],"18":[6,6],"19":[6,6],"20":[4,8],"21":[4,8],"22":[7,5],"23":[9,3],"24":[6,6],"25":[2,10],"26":[9,3],"27":[5,7],"28":[9,3],"29":[11,1],"30":[6,6],"31":[7,5],"32":[1,11],"33":[2,10],"34":[11,1],"35":[4,8],"36":[6,6],"37":[8,4],"38":[6,6],"39":[6,6],"40":[5,7],"41":[7,5],"42":[5,7],"43":[5,7],"44":[10,2],"45":[10,2],"46":[7,5],"47":[2,10],"48":[5,7],"49":[5,7],"50":[4,8],"51":[5,7],"52":[6,6],"53":[6,6],"54":[8,4],"55":[4,8],"56":[9,3],"57":[5,7],"58":[7,5],"59":[3,9],"60":[10,2],"61":[3,9],"62":[4,8],"63":[10,2],"64":[5,7],"65":[0,12],"66":[0,12],"67":[0,12],"68":[0,12],"69":[0,12],"70":[0,12],"71":[0,12],"72":[0,12],"73":[41,0],"74":[0,0],"75":[0,39],"76":[39,0],"77":[0,0],"78":[0,0],"79":[0,6],"80":[0,6],"81":[6,0],"82":[6,0],"83":[6,0],"84":[0,6],"85":[6,0],"86":[0,6]},"f":{"1":12,"2":12,"3":41,"4":39,"5":0,"6":6},"fnMap":{"1":{"name":"exp2","line":127,"loc":{"start":{"line":127,"column":4},"end":{"line":338,"column":4}}},"2":{"name":"mostSignificantBit","line":344,"loc":{"start":{"line":344,"column":4},"end":{"line":377,"column":4}}},"3":{"name":"mulDiv","line":394,"loc":{"start":{"line":394,"column":4},"end":{"line":478,"column":4}}},"4":{"name":"mulDivFixedPoint","line":498,"loc":{"start":{"line":498,"column":4},"end":{"line":537,"column":4}}},"5":{"name":"mulDivSigned","line":551,"loc":{"start":{"line":551,"column":4},"end":{"line":589,"column":4}}},"6":{"name":"sqrt","line":599,"loc":{"start":{"line":599,"column":4},"end":{"line":647,"column":4}}}},"statementMap":{"1":{"start":{"line":130,"column":12},"end":{"line":130,"column":70}},"2":{"start":{"line":134,"column":12},"end":{"line":134,"column":5360}},"3":{"start":{"line":135,"column":16},"end":{"line":135,"column":60}},"4":{"start":{"line":137,"column":12},"end":{"line":137,"column":5483}},"5":{"start":{"line":138,"column":16},"end":{"line":138,"column":60}},"6":{"start":{"line":140,"column":12},"end":{"line":140,"column":5606}},"7":{"start":{"line":141,"column":16},"end":{"line":141,"column":60}},"8":{"start":{"line":143,"column":12},"end":{"line":143,"column":5729}},"9":{"start":{"line":144,"column":16},"end":{"line":144,"column":60}},"10":{"start":{"line":146,"column":12},"end":{"line":146,"column":5852}},"11":{"start":{"line":147,"column":16},"end":{"line":147,"column":60}},"12":{"start":{"line":149,"column":12},"end":{"line":149,"column":5974}},"13":{"start":{"line":150,"column":16},"end":{"line":150,"column":60}},"14":{"start":{"line":152,"column":12},"end":{"line":152,"column":6096}},"15":{"start":{"line":153,"column":16},"end":{"line":153,"column":60}},"16":{"start":{"line":155,"column":12},"end":{"line":155,"column":6218}},"17":{"start":{"line":156,"column":16},"end":{"line":156,"column":60}},"18":{"start":{"line":158,"column":12},"end":{"line":158,"column":6340}},"19":{"start":{"line":159,"column":16},"end":{"line":159,"column":60}},"20":{"start":{"line":161,"column":12},"end":{"line":161,"column":6461}},"21":{"start":{"line":162,"column":16},"end":{"line":162,"column":60}},"22":{"start":{"line":164,"column":12},"end":{"line":164,"column":6582}},"23":{"start":{"line":165,"column":16},"end":{"line":165,"column":60}},"24":{"start":{"line":167,"column":12},"end":{"line":167,"column":6703}},"25":{"start":{"line":168,"column":16},"end":{"line":168,"column":60}},"26":{"start":{"line":170,"column":12},"end":{"line":170,"column":6824}},"27":{"start":{"line":171,"column":16},"end":{"line":171,"column":60}},"28":{"start":{"line":173,"column":12},"end":{"line":173,"column":6944}},"29":{"start":{"line":174,"column":16},"end":{"line":174,"column":60}},"30":{"start":{"line":176,"column":12},"end":{"line":176,"column":7064}},"31":{"start":{"line":177,"column":16},"end":{"line":177,"column":60}},"32":{"start":{"line":179,"column":12},"end":{"line":179,"column":7184}},"33":{"start":{"line":180,"column":16},"end":{"line":180,"column":60}},"34":{"start":{"line":182,"column":12},"end":{"line":182,"column":7304}},"35":{"start":{"line":183,"column":16},"end":{"line":183,"column":60}},"36":{"start":{"line":185,"column":12},"end":{"line":185,"column":7423}},"37":{"start":{"line":186,"column":16},"end":{"line":186,"column":60}},"38":{"start":{"line":188,"column":12},"end":{"line":188,"column":7542}},"39":{"start":{"line":189,"column":16},"end":{"line":189,"column":60}},"40":{"start":{"line":191,"column":12},"end":{"line":191,"column":7661}},"41":{"start":{"line":192,"column":16},"end":{"line":192,"column":60}},"42":{"start":{"line":194,"column":12},"end":{"line":194,"column":7780}},"43":{"start":{"line":195,"column":16},"end":{"line":195,"column":60}},"44":{"start":{"line":197,"column":12},"end":{"line":197,"column":7898}},"45":{"start":{"line":198,"column":16},"end":{"line":198,"column":60}},"46":{"start":{"line":200,"column":12},"end":{"line":200,"column":8016}},"47":{"start":{"line":201,"column":16},"end":{"line":201,"column":60}},"48":{"start":{"line":203,"column":12},"end":{"line":203,"column":8134}},"49":{"start":{"line":204,"column":16},"end":{"line":204,"column":60}},"50":{"start":{"line":206,"column":12},"end":{"line":206,"column":8252}},"51":{"start":{"line":207,"column":16},"end":{"line":207,"column":60}},"52":{"start":{"line":209,"column":12},"end":{"line":209,"column":8369}},"53":{"start":{"line":210,"column":16},"end":{"line":210,"column":60}},"54":{"start":{"line":212,"column":12},"end":{"line":212,"column":8486}},"55":{"start":{"line":213,"column":16},"end":{"line":213,"column":60}},"56":{"start":{"line":215,"column":12},"end":{"line":215,"column":8603}},"57":{"start":{"line":216,"column":16},"end":{"line":216,"column":60}},"58":{"start":{"line":218,"column":12},"end":{"line":218,"column":8720}},"59":{"start":{"line":219,"column":16},"end":{"line":219,"column":60}},"60":{"start":{"line":221,"column":12},"end":{"line":221,"column":8836}},"61":{"start":{"line":222,"column":16},"end":{"line":222,"column":60}},"62":{"start":{"line":224,"column":12},"end":{"line":224,"column":8952}},"63":{"start":{"line":225,"column":16},"end":{"line":225,"column":60}},"64":{"start":{"line":227,"column":12},"end":{"line":227,"column":9068}},"65":{"start":{"line":228,"column":16},"end":{"line":228,"column":60}},"66":{"start":{"line":230,"column":12},"end":{"line":230,"column":9184}},"67":{"start":{"line":231,"column":16},"end":{"line":231,"column":60}},"68":{"start":{"line":233,"column":12},"end":{"line":233,"column":9299}},"69":{"start":{"line":234,"column":16},"end":{"line":234,"column":60}},"70":{"start":{"line":236,"column":12},"end":{"line":236,"column":9414}},"71":{"start":{"line":237,"column":16},"end":{"line":237,"column":60}},"72":{"start":{"line":239,"column":12},"end":{"line":239,"column":9529}},"73":{"start":{"line":240,"column":16},"end":{"line":240,"column":60}},"74":{"start":{"line":242,"column":12},"end":{"line":242,"column":9644}},"75":{"start":{"line":243,"column":16},"end":{"line":243,"column":60}},"76":{"start":{"line":245,"column":12},"end":{"line":245,"column":9758}},"77":{"start":{"line":246,"column":16},"end":{"line":246,"column":60}},"78":{"start":{"line":248,"column":12},"end":{"line":248,"column":9872}},"79":{"start":{"line":249,"column":16},"end":{"line":249,"column":60}},"80":{"start":{"line":251,"column":12},"end":{"line":251,"column":9986}},"81":{"start":{"line":252,"column":16},"end":{"line":252,"column":60}},"82":{"start":{"line":254,"column":12},"end":{"line":254,"column":10100}},"83":{"start":{"line":255,"column":16},"end":{"line":255,"column":60}},"84":{"start":{"line":257,"column":12},"end":{"line":257,"column":10213}},"85":{"start":{"line":258,"column":16},"end":{"line":258,"column":60}},"86":{"start":{"line":260,"column":12},"end":{"line":260,"column":10326}},"87":{"start":{"line":261,"column":16},"end":{"line":261,"column":60}},"88":{"start":{"line":263,"column":12},"end":{"line":263,"column":10439}},"89":{"start":{"line":264,"column":16},"end":{"line":264,"column":60}},"90":{"start":{"line":266,"column":12},"end":{"line":266,"column":10552}},"91":{"start":{"line":267,"column":16},"end":{"line":267,"column":60}},"92":{"start":{"line":269,"column":12},"end":{"line":269,"column":10664}},"93":{"start":{"line":270,"column":16},"end":{"line":270,"column":60}},"94":{"start":{"line":272,"column":12},"end":{"line":272,"column":10776}},"95":{"start":{"line":273,"column":16},"end":{"line":273,"column":60}},"96":{"start":{"line":275,"column":12},"end":{"line":275,"column":10888}},"97":{"start":{"line":276,"column":16},"end":{"line":276,"column":60}},"98":{"start":{"line":278,"column":12},"end":{"line":278,"column":11000}},"99":{"start":{"line":279,"column":16},"end":{"line":279,"column":60}},"100":{"start":{"line":281,"column":12},"end":{"line":281,"column":11111}},"101":{"start":{"line":282,"column":16},"end":{"line":282,"column":60}},"102":{"start":{"line":284,"column":12},"end":{"line":284,"column":11222}},"103":{"start":{"line":285,"column":16},"end":{"line":285,"column":60}},"104":{"start":{"line":287,"column":12},"end":{"line":287,"column":11333}},"105":{"start":{"line":288,"column":16},"end":{"line":288,"column":60}},"106":{"start":{"line":290,"column":12},"end":{"line":290,"column":11444}},"107":{"start":{"line":291,"column":16},"end":{"line":291,"column":60}},"108":{"start":{"line":293,"column":12},"end":{"line":293,"column":11554}},"109":{"start":{"line":294,"column":16},"end":{"line":294,"column":60}},"110":{"start":{"line":296,"column":12},"end":{"line":296,"column":11664}},"111":{"start":{"line":297,"column":16},"end":{"line":297,"column":60}},"112":{"start":{"line":299,"column":12},"end":{"line":299,"column":11774}},"113":{"start":{"line":300,"column":16},"end":{"line":300,"column":60}},"114":{"start":{"line":302,"column":12},"end":{"line":302,"column":11884}},"115":{"start":{"line":303,"column":16},"end":{"line":303,"column":60}},"116":{"start":{"line":305,"column":12},"end":{"line":305,"column":11993}},"117":{"start":{"line":306,"column":16},"end":{"line":306,"column":60}},"118":{"start":{"line":308,"column":12},"end":{"line":308,"column":12102}},"119":{"start":{"line":309,"column":16},"end":{"line":309,"column":60}},"120":{"start":{"line":311,"column":12},"end":{"line":311,"column":12211}},"121":{"start":{"line":312,"column":16},"end":{"line":312,"column":60}},"122":{"start":{"line":314,"column":12},"end":{"line":314,"column":12320}},"123":{"start":{"line":315,"column":16},"end":{"line":315,"column":60}},"124":{"start":{"line":317,"column":12},"end":{"line":317,"column":12428}},"125":{"start":{"line":318,"column":16},"end":{"line":318,"column":60}},"126":{"start":{"line":320,"column":12},"end":{"line":320,"column":12536}},"127":{"start":{"line":321,"column":16},"end":{"line":321,"column":60}},"128":{"start":{"line":323,"column":12},"end":{"line":323,"column":12644}},"129":{"start":{"line":324,"column":16},"end":{"line":324,"column":60}},"130":{"start":{"line":335,"column":12},"end":{"line":335,"column":26}},"131":{"start":{"line":336,"column":12},"end":{"line":336,"column":39}},"132":{"start":{"line":345,"column":8},"end":{"line":345,"column":13841}},"133":{"start":{"line":346,"column":12},"end":{"line":346,"column":20}},"134":{"start":{"line":347,"column":12},"end":{"line":347,"column":21}},"135":{"start":{"line":349,"column":8},"end":{"line":349,"column":13925}},"136":{"start":{"line":350,"column":12},"end":{"line":350,"column":19}},"137":{"start":{"line":351,"column":12},"end":{"line":351,"column":20}},"138":{"start":{"line":353,"column":8},"end":{"line":353,"column":14006}},"139":{"start":{"line":354,"column":12},"end":{"line":354,"column":19}},"140":{"start":{"line":355,"column":12},"end":{"line":355,"column":20}},"141":{"start":{"line":357,"column":8},"end":{"line":357,"column":14087}},"142":{"start":{"line":358,"column":12},"end":{"line":358,"column":19}},"143":{"start":{"line":359,"column":12},"end":{"line":359,"column":20}},"144":{"start":{"line":361,"column":8},"end":{"line":361,"column":14168}},"145":{"start":{"line":362,"column":12},"end":{"line":362,"column":18}},"146":{"start":{"line":363,"column":12},"end":{"line":363,"column":19}},"147":{"start":{"line":365,"column":8},"end":{"line":365,"column":14246}},"148":{"start":{"line":366,"column":12},"end":{"line":366,"column":18}},"149":{"start":{"line":367,"column":12},"end":{"line":367,"column":19}},"150":{"start":{"line":369,"column":8},"end":{"line":369,"column":14324}},"151":{"start":{"line":370,"column":12},"end":{"line":370,"column":18}},"152":{"start":{"line":371,"column":12},"end":{"line":371,"column":19}},"153":{"start":{"line":373,"column":8},"end":{"line":373,"column":14402}},"154":{"start":{"line":375,"column":12},"end":{"line":375,"column":19}},"155":{"start":{"line":402,"column":8},"end":{"line":402,"column":21}},"156":{"start":{"line":403,"column":8},"end":{"line":403,"column":21}},"157":{"start":{"line":411,"column":8},"end":{"line":411,"column":15864}},"158":{"start":{"line":413,"column":16},"end":{"line":413,"column":43}},"159":{"start":{"line":415,"column":12},"end":{"line":415,"column":25}},"160":{"start":{"line":419,"column":8},"end":{"line":419,"column":16096}},"161":{"start":{"line":428,"column":8},"end":{"line":428,"column":25}},"162":{"start":{"line":442,"column":12},"end":{"line":442,"column":62}},"163":{"start":{"line":455,"column":12},"end":{"line":455,"column":35}},"164":{"start":{"line":460,"column":12},"end":{"line":460,"column":51}},"165":{"start":{"line":464,"column":12},"end":{"line":464,"column":47}},"166":{"start":{"line":465,"column":12},"end":{"line":465,"column":47}},"167":{"start":{"line":466,"column":12},"end":{"line":466,"column":47}},"168":{"start":{"line":467,"column":12},"end":{"line":467,"column":47}},"169":{"start":{"line":468,"column":12},"end":{"line":468,"column":47}},"170":{"start":{"line":469,"column":12},"end":{"line":469,"column":47}},"171":{"start":{"line":475,"column":12},"end":{"line":475,"column":35}},"172":{"start":{"line":476,"column":12},"end":{"line":476,"column":25}},"173":{"start":{"line":499,"column":8},"end":{"line":499,"column":21}},"174":{"start":{"line":500,"column":8},"end":{"line":500,"column":21}},"175":{"start":{"line":507,"column":8},"end":{"line":507,"column":20501}},"176":{"start":{"line":511,"column":8},"end":{"line":511,"column":25}},"177":{"start":{"line":512,"column":8},"end":{"line":512,"column":27}},"178":{"start":{"line":518,"column":8},"end":{"line":518,"column":20795}},"179":{"start":{"line":520,"column":16},"end":{"line":520,"column":53}},"180":{"start":{"line":521,"column":16},"end":{"line":521,"column":29}},"181":{"start":{"line":556,"column":8},"end":{"line":556,"column":22027}},"182":{"start":{"line":561,"column":8},"end":{"line":561,"column":18}},"183":{"start":{"line":562,"column":8},"end":{"line":562,"column":18}},"184":{"start":{"line":563,"column":8},"end":{"line":563,"column":18}},"185":{"start":{"line":565,"column":12},"end":{"line":565,"column":48}},"186":{"start":{"line":566,"column":12},"end":{"line":566,"column":48}},"187":{"start":{"line":567,"column":12},"end":{"line":567,"column":78}},"188":{"start":{"line":571,"column":8},"end":{"line":571,"column":41}},"189":{"start":{"line":572,"column":8},"end":{"line":572,"column":22676}},"190":{"start":{"line":577,"column":8},"end":{"line":577,"column":18}},"191":{"start":{"line":578,"column":8},"end":{"line":578,"column":18}},"192":{"start":{"line":579,"column":8},"end":{"line":579,"column":18}},"193":{"start":{"line":588,"column":8},"end":{"line":588,"column":64}},"194":{"start":{"line":600,"column":8},"end":{"line":600,"column":23769}},"195":{"start":{"line":601,"column":12},"end":{"line":601,"column":20}},"196":{"start":{"line":605,"column":8},"end":{"line":605,"column":33}},"197":{"start":{"line":606,"column":8},"end":{"line":606,"column":17}},"198":{"start":{"line":607,"column":8},"end":{"line":607,"column":23980}},"199":{"start":{"line":608,"column":12},"end":{"line":608,"column":23}},"200":{"start":{"line":609,"column":12},"end":{"line":609,"column":24}},"201":{"start":{"line":611,"column":8},"end":{"line":611,"column":24102}},"202":{"start":{"line":612,"column":12},"end":{"line":612,"column":22}},"203":{"start":{"line":613,"column":12},"end":{"line":613,"column":24}},"204":{"start":{"line":615,"column":8},"end":{"line":615,"column":24207}},"205":{"start":{"line":616,"column":12},"end":{"line":616,"column":22}},"206":{"start":{"line":617,"column":12},"end":{"line":617,"column":24}},"207":{"start":{"line":619,"column":8},"end":{"line":619,"column":24304}},"208":{"start":{"line":620,"column":12},"end":{"line":620,"column":22}},"209":{"start":{"line":621,"column":12},"end":{"line":621,"column":23}},"210":{"start":{"line":623,"column":8},"end":{"line":623,"column":24396}},"211":{"start":{"line":624,"column":12},"end":{"line":624,"column":21}},"212":{"start":{"line":625,"column":12},"end":{"line":625,"column":23}},"213":{"start":{"line":627,"column":8},"end":{"line":627,"column":24485}},"214":{"start":{"line":628,"column":12},"end":{"line":628,"column":21}},"215":{"start":{"line":629,"column":12},"end":{"line":629,"column":23}},"216":{"start":{"line":631,"column":8},"end":{"line":631,"column":24573}},"217":{"start":{"line":632,"column":12},"end":{"line":632,"column":23}},"218":{"start":{"line":637,"column":12},"end":{"line":637,"column":46}},"219":{"start":{"line":638,"column":12},"end":{"line":638,"column":46}},"220":{"start":{"line":639,"column":12},"end":{"line":639,"column":46}},"221":{"start":{"line":640,"column":12},"end":{"line":640,"column":46}},"222":{"start":{"line":641,"column":12},"end":{"line":641,"column":46}},"223":{"start":{"line":642,"column":12},"end":{"line":642,"column":46}},"224":{"start":{"line":643,"column":12},"end":{"line":643,"column":46}},"225":{"start":{"line":644,"column":12},"end":{"line":644,"column":50}},"226":{"start":{"line":645,"column":12},"end":{"line":645,"column":75}}},"branchMap":{"1":{"line":134,"type":"if","locations":[{"start":{"line":134,"column":12},"end":{"line":134,"column":12}},{"start":{"line":134,"column":12},"end":{"line":134,"column":12}}]},"2":{"line":137,"type":"if","locations":[{"start":{"line":137,"column":12},"end":{"line":137,"column":12}},{"start":{"line":137,"column":12},"end":{"line":137,"column":12}}]},"3":{"line":140,"type":"if","locations":[{"start":{"line":140,"column":12},"end":{"line":140,"column":12}},{"start":{"line":140,"column":12},"end":{"line":140,"column":12}}]},"4":{"line":143,"type":"if","locations":[{"start":{"line":143,"column":12},"end":{"line":143,"column":12}},{"start":{"line":143,"column":12},"end":{"line":143,"column":12}}]},"5":{"line":146,"type":"if","locations":[{"start":{"line":146,"column":12},"end":{"line":146,"column":12}},{"start":{"line":146,"column":12},"end":{"line":146,"column":12}}]},"6":{"line":149,"type":"if","locations":[{"start":{"line":149,"column":12},"end":{"line":149,"column":12}},{"start":{"line":149,"column":12},"end":{"line":149,"column":12}}]},"7":{"line":152,"type":"if","locations":[{"start":{"line":152,"column":12},"end":{"line":152,"column":12}},{"start":{"line":152,"column":12},"end":{"line":152,"column":12}}]},"8":{"line":155,"type":"if","locations":[{"start":{"line":155,"column":12},"end":{"line":155,"column":12}},{"start":{"line":155,"column":12},"end":{"line":155,"column":12}}]},"9":{"line":158,"type":"if","locations":[{"start":{"line":158,"column":12},"end":{"line":158,"column":12}},{"start":{"line":158,"column":12},"end":{"line":158,"column":12}}]},"10":{"line":161,"type":"if","locations":[{"start":{"line":161,"column":12},"end":{"line":161,"column":12}},{"start":{"line":161,"column":12},"end":{"line":161,"column":12}}]},"11":{"line":164,"type":"if","locations":[{"start":{"line":164,"column":12},"end":{"line":164,"column":12}},{"start":{"line":164,"column":12},"end":{"line":164,"column":12}}]},"12":{"line":167,"type":"if","locations":[{"start":{"line":167,"column":12},"end":{"line":167,"column":12}},{"start":{"line":167,"column":12},"end":{"line":167,"column":12}}]},"13":{"line":170,"type":"if","locations":[{"start":{"line":170,"column":12},"end":{"line":170,"column":12}},{"start":{"line":170,"column":12},"end":{"line":170,"column":12}}]},"14":{"line":173,"type":"if","locations":[{"start":{"line":173,"column":12},"end":{"line":173,"column":12}},{"start":{"line":173,"column":12},"end":{"line":173,"column":12}}]},"15":{"line":176,"type":"if","locations":[{"start":{"line":176,"column":12},"end":{"line":176,"column":12}},{"start":{"line":176,"column":12},"end":{"line":176,"column":12}}]},"16":{"line":179,"type":"if","locations":[{"start":{"line":179,"column":12},"end":{"line":179,"column":12}},{"start":{"line":179,"column":12},"end":{"line":179,"column":12}}]},"17":{"line":182,"type":"if","locations":[{"start":{"line":182,"column":12},"end":{"line":182,"column":12}},{"start":{"line":182,"column":12},"end":{"line":182,"column":12}}]},"18":{"line":185,"type":"if","locations":[{"start":{"line":185,"column":12},"end":{"line":185,"column":12}},{"start":{"line":185,"column":12},"end":{"line":185,"column":12}}]},"19":{"line":188,"type":"if","locations":[{"start":{"line":188,"column":12},"end":{"line":188,"column":12}},{"start":{"line":188,"column":12},"end":{"line":188,"column":12}}]},"20":{"line":191,"type":"if","locations":[{"start":{"line":191,"column":12},"end":{"line":191,"column":12}},{"start":{"line":191,"column":12},"end":{"line":191,"column":12}}]},"21":{"line":194,"type":"if","locations":[{"start":{"line":194,"column":12},"end":{"line":194,"column":12}},{"start":{"line":194,"column":12},"end":{"line":194,"column":12}}]},"22":{"line":197,"type":"if","locations":[{"start":{"line":197,"column":12},"end":{"line":197,"column":12}},{"start":{"line":197,"column":12},"end":{"line":197,"column":12}}]},"23":{"line":200,"type":"if","locations":[{"start":{"line":200,"column":12},"end":{"line":200,"column":12}},{"start":{"line":200,"column":12},"end":{"line":200,"column":12}}]},"24":{"line":203,"type":"if","locations":[{"start":{"line":203,"column":12},"end":{"line":203,"column":12}},{"start":{"line":203,"column":12},"end":{"line":203,"column":12}}]},"25":{"line":206,"type":"if","locations":[{"start":{"line":206,"column":12},"end":{"line":206,"column":12}},{"start":{"line":206,"column":12},"end":{"line":206,"column":12}}]},"26":{"line":209,"type":"if","locations":[{"start":{"line":209,"column":12},"end":{"line":209,"column":12}},{"start":{"line":209,"column":12},"end":{"line":209,"column":12}}]},"27":{"line":212,"type":"if","locations":[{"start":{"line":212,"column":12},"end":{"line":212,"column":12}},{"start":{"line":212,"column":12},"end":{"line":212,"column":12}}]},"28":{"line":215,"type":"if","locations":[{"start":{"line":215,"column":12},"end":{"line":215,"column":12}},{"start":{"line":215,"column":12},"end":{"line":215,"column":12}}]},"29":{"line":218,"type":"if","locations":[{"start":{"line":218,"column":12},"end":{"line":218,"column":12}},{"start":{"line":218,"column":12},"end":{"line":218,"column":12}}]},"30":{"line":221,"type":"if","locations":[{"start":{"line":221,"column":12},"end":{"line":221,"column":12}},{"start":{"line":221,"column":12},"end":{"line":221,"column":12}}]},"31":{"line":224,"type":"if","locations":[{"start":{"line":224,"column":12},"end":{"line":224,"column":12}},{"start":{"line":224,"column":12},"end":{"line":224,"column":12}}]},"32":{"line":227,"type":"if","locations":[{"start":{"line":227,"column":12},"end":{"line":227,"column":12}},{"start":{"line":227,"column":12},"end":{"line":227,"column":12}}]},"33":{"line":230,"type":"if","locations":[{"start":{"line":230,"column":12},"end":{"line":230,"column":12}},{"start":{"line":230,"column":12},"end":{"line":230,"column":12}}]},"34":{"line":233,"type":"if","locations":[{"start":{"line":233,"column":12},"end":{"line":233,"column":12}},{"start":{"line":233,"column":12},"end":{"line":233,"column":12}}]},"35":{"line":236,"type":"if","locations":[{"start":{"line":236,"column":12},"end":{"line":236,"column":12}},{"start":{"line":236,"column":12},"end":{"line":236,"column":12}}]},"36":{"line":239,"type":"if","locations":[{"start":{"line":239,"column":12},"end":{"line":239,"column":12}},{"start":{"line":239,"column":12},"end":{"line":239,"column":12}}]},"37":{"line":242,"type":"if","locations":[{"start":{"line":242,"column":12},"end":{"line":242,"column":12}},{"start":{"line":242,"column":12},"end":{"line":242,"column":12}}]},"38":{"line":245,"type":"if","locations":[{"start":{"line":245,"column":12},"end":{"line":245,"column":12}},{"start":{"line":245,"column":12},"end":{"line":245,"column":12}}]},"39":{"line":248,"type":"if","locations":[{"start":{"line":248,"column":12},"end":{"line":248,"column":12}},{"start":{"line":248,"column":12},"end":{"line":248,"column":12}}]},"40":{"line":251,"type":"if","locations":[{"start":{"line":251,"column":12},"end":{"line":251,"column":12}},{"start":{"line":251,"column":12},"end":{"line":251,"column":12}}]},"41":{"line":254,"type":"if","locations":[{"start":{"line":254,"column":12},"end":{"line":254,"column":12}},{"start":{"line":254,"column":12},"end":{"line":254,"column":12}}]},"42":{"line":257,"type":"if","locations":[{"start":{"line":257,"column":12},"end":{"line":257,"column":12}},{"start":{"line":257,"column":12},"end":{"line":257,"column":12}}]},"43":{"line":260,"type":"if","locations":[{"start":{"line":260,"column":12},"end":{"line":260,"column":12}},{"start":{"line":260,"column":12},"end":{"line":260,"column":12}}]},"44":{"line":263,"type":"if","locations":[{"start":{"line":263,"column":12},"end":{"line":263,"column":12}},{"start":{"line":263,"column":12},"end":{"line":263,"column":12}}]},"45":{"line":266,"type":"if","locations":[{"start":{"line":266,"column":12},"end":{"line":266,"column":12}},{"start":{"line":266,"column":12},"end":{"line":266,"column":12}}]},"46":{"line":269,"type":"if","locations":[{"start":{"line":269,"column":12},"end":{"line":269,"column":12}},{"start":{"line":269,"column":12},"end":{"line":269,"column":12}}]},"47":{"line":272,"type":"if","locations":[{"start":{"line":272,"column":12},"end":{"line":272,"column":12}},{"start":{"line":272,"column":12},"end":{"line":272,"column":12}}]},"48":{"line":275,"type":"if","locations":[{"start":{"line":275,"column":12},"end":{"line":275,"column":12}},{"start":{"line":275,"column":12},"end":{"line":275,"column":12}}]},"49":{"line":278,"type":"if","locations":[{"start":{"line":278,"column":12},"end":{"line":278,"column":12}},{"start":{"line":278,"column":12},"end":{"line":278,"column":12}}]},"50":{"line":281,"type":"if","locations":[{"start":{"line":281,"column":12},"end":{"line":281,"column":12}},{"start":{"line":281,"column":12},"end":{"line":281,"column":12}}]},"51":{"line":284,"type":"if","locations":[{"start":{"line":284,"column":12},"end":{"line":284,"column":12}},{"start":{"line":284,"column":12},"end":{"line":284,"column":12}}]},"52":{"line":287,"type":"if","locations":[{"start":{"line":287,"column":12},"end":{"line":287,"column":12}},{"start":{"line":287,"column":12},"end":{"line":287,"column":12}}]},"53":{"line":290,"type":"if","locations":[{"start":{"line":290,"column":12},"end":{"line":290,"column":12}},{"start":{"line":290,"column":12},"end":{"line":290,"column":12}}]},"54":{"line":293,"type":"if","locations":[{"start":{"line":293,"column":12},"end":{"line":293,"column":12}},{"start":{"line":293,"column":12},"end":{"line":293,"column":12}}]},"55":{"line":296,"type":"if","locations":[{"start":{"line":296,"column":12},"end":{"line":296,"column":12}},{"start":{"line":296,"column":12},"end":{"line":296,"column":12}}]},"56":{"line":299,"type":"if","locations":[{"start":{"line":299,"column":12},"end":{"line":299,"column":12}},{"start":{"line":299,"column":12},"end":{"line":299,"column":12}}]},"57":{"line":302,"type":"if","locations":[{"start":{"line":302,"column":12},"end":{"line":302,"column":12}},{"start":{"line":302,"column":12},"end":{"line":302,"column":12}}]},"58":{"line":305,"type":"if","locations":[{"start":{"line":305,"column":12},"end":{"line":305,"column":12}},{"start":{"line":305,"column":12},"end":{"line":305,"column":12}}]},"59":{"line":308,"type":"if","locations":[{"start":{"line":308,"column":12},"end":{"line":308,"column":12}},{"start":{"line":308,"column":12},"end":{"line":308,"column":12}}]},"60":{"line":311,"type":"if","locations":[{"start":{"line":311,"column":12},"end":{"line":311,"column":12}},{"start":{"line":311,"column":12},"end":{"line":311,"column":12}}]},"61":{"line":314,"type":"if","locations":[{"start":{"line":314,"column":12},"end":{"line":314,"column":12}},{"start":{"line":314,"column":12},"end":{"line":314,"column":12}}]},"62":{"line":317,"type":"if","locations":[{"start":{"line":317,"column":12},"end":{"line":317,"column":12}},{"start":{"line":317,"column":12},"end":{"line":317,"column":12}}]},"63":{"line":320,"type":"if","locations":[{"start":{"line":320,"column":12},"end":{"line":320,"column":12}},{"start":{"line":320,"column":12},"end":{"line":320,"column":12}}]},"64":{"line":323,"type":"if","locations":[{"start":{"line":323,"column":12},"end":{"line":323,"column":12}},{"start":{"line":323,"column":12},"end":{"line":323,"column":12}}]},"65":{"line":345,"type":"if","locations":[{"start":{"line":345,"column":8},"end":{"line":345,"column":8}},{"start":{"line":345,"column":8},"end":{"line":345,"column":8}}]},"66":{"line":349,"type":"if","locations":[{"start":{"line":349,"column":8},"end":{"line":349,"column":8}},{"start":{"line":349,"column":8},"end":{"line":349,"column":8}}]},"67":{"line":353,"type":"if","locations":[{"start":{"line":353,"column":8},"end":{"line":353,"column":8}},{"start":{"line":353,"column":8},"end":{"line":353,"column":8}}]},"68":{"line":357,"type":"if","locations":[{"start":{"line":357,"column":8},"end":{"line":357,"column":8}},{"start":{"line":357,"column":8},"end":{"line":357,"column":8}}]},"69":{"line":361,"type":"if","locations":[{"start":{"line":361,"column":8},"end":{"line":361,"column":8}},{"start":{"line":361,"column":8},"end":{"line":361,"column":8}}]},"70":{"line":365,"type":"if","locations":[{"start":{"line":365,"column":8},"end":{"line":365,"column":8}},{"start":{"line":365,"column":8},"end":{"line":365,"column":8}}]},"71":{"line":369,"type":"if","locations":[{"start":{"line":369,"column":8},"end":{"line":369,"column":8}},{"start":{"line":369,"column":8},"end":{"line":369,"column":8}}]},"72":{"line":373,"type":"if","locations":[{"start":{"line":373,"column":8},"end":{"line":373,"column":8}},{"start":{"line":373,"column":8},"end":{"line":373,"column":8}}]},"73":{"line":411,"type":"if","locations":[{"start":{"line":411,"column":8},"end":{"line":411,"column":8}},{"start":{"line":411,"column":8},"end":{"line":411,"column":8}}]},"74":{"line":419,"type":"if","locations":[{"start":{"line":419,"column":8},"end":{"line":419,"column":8}},{"start":{"line":419,"column":8},"end":{"line":419,"column":8}}]},"75":{"line":507,"type":"if","locations":[{"start":{"line":507,"column":8},"end":{"line":507,"column":8}},{"start":{"line":507,"column":8},"end":{"line":507,"column":8}}]},"76":{"line":518,"type":"if","locations":[{"start":{"line":518,"column":8},"end":{"line":518,"column":8}},{"start":{"line":518,"column":8},"end":{"line":518,"column":8}}]},"77":{"line":556,"type":"if","locations":[{"start":{"line":556,"column":8},"end":{"line":556,"column":8}},{"start":{"line":556,"column":8},"end":{"line":556,"column":8}}]},"78":{"line":572,"type":"if","locations":[{"start":{"line":572,"column":8},"end":{"line":572,"column":8}},{"start":{"line":572,"column":8},"end":{"line":572,"column":8}}]},"79":{"line":600,"type":"if","locations":[{"start":{"line":600,"column":8},"end":{"line":600,"column":8}},{"start":{"line":600,"column":8},"end":{"line":600,"column":8}}]},"80":{"line":607,"type":"if","locations":[{"start":{"line":607,"column":8},"end":{"line":607,"column":8}},{"start":{"line":607,"column":8},"end":{"line":607,"column":8}}]},"81":{"line":611,"type":"if","locations":[{"start":{"line":611,"column":8},"end":{"line":611,"column":8}},{"start":{"line":611,"column":8},"end":{"line":611,"column":8}}]},"82":{"line":615,"type":"if","locations":[{"start":{"line":615,"column":8},"end":{"line":615,"column":8}},{"start":{"line":615,"column":8},"end":{"line":615,"column":8}}]},"83":{"line":619,"type":"if","locations":[{"start":{"line":619,"column":8},"end":{"line":619,"column":8}},{"start":{"line":619,"column":8},"end":{"line":619,"column":8}}]},"84":{"line":623,"type":"if","locations":[{"start":{"line":623,"column":8},"end":{"line":623,"column":8}},{"start":{"line":623,"column":8},"end":{"line":623,"column":8}}]},"85":{"line":627,"type":"if","locations":[{"start":{"line":627,"column":8},"end":{"line":627,"column":8}},{"start":{"line":627,"column":8},"end":{"line":627,"column":8}}]},"86":{"line":631,"type":"if","locations":[{"start":{"line":631,"column":8},"end":{"line":631,"column":8}},{"start":{"line":631,"column":8},"end":{"line":631,"column":8}}]}}},"contracts/dependencies/prb-math/PRBMathSD59x18.sol":{"l":{"48":13,"49":13,"50":0,"52":13,"62":0,"63":0,"64":0,"67":0,"73":0,"89":0,"90":0,"92":0,"93":0,"94":0,"95":0,"98":0,"99":0,"100":0,"123":41,"124":0,"128":41,"129":41,"130":41,"131":41,"132":41,"136":41,"137":41,"138":0,"142":41,"143":41,"144":41,"151":41,"157":0,"176":6,"177":0,"181":6,"182":0,"186":6,"187":6,"188":6,"207":24,"209":12,"210":0,"214":12,"215":12,"219":12,"220":0,"223":12,"225":12,"228":12,"244":0,"245":0,"247":0,"248":0,"249":0,"250":0,"253":0,"254":0,"255":0,"267":0,"268":0,"281":0,"282":0,"283":0,"285":0,"286":0,"288":0,"302":0,"303":0,"306":0,"308":0,"309":0,"310":0,"314":0,"315":0,"320":0,"332":0,"334":0,"354":6,"355":6,"373":0,"374":0,"379":0,"463":0,"465":0,"466":0,"485":12,"486":0,"488":12,"490":12,"491":12,"492":2,"494":10,"496":10,"502":12,"506":12,"509":12,"512":12,"513":0,"518":12,"519":708,"522":708,"524":357,"527":357,"530":12,"552":39,"553":0,"556":39,"557":39,"558":39,"559":39,"560":39,"562":39,"563":39,"564":0,"567":39,"568":39,"569":39,"573":39,"579":0,"598":6,"599":0,"601":6,"622":0,"625":0,"628":0,"629":0,"630":0,"633":0,"634":0,"639":0,"640":0,"644":0,"645":0,"650":0,"663":6,"664":6,"665":0,"667":6,"668":0,"672":6,"680":0,"681":0},"path":"/home/turing/Desktop/deltadex/v1-core/contracts/dependencies/prb-math/PRBMathSD59x18.sol","s":{"1":13,"2":13,"3":0,"4":0,"5":0,"6":0,"7":0,"8":0,"9":0,"10":0,"11":0,"12":0,"13":41,"14":41,"15":41,"16":41,"17":41,"18":41,"19":41,"20":41,"21":41,"22":41,"23":0,"24":6,"25":0,"26":6,"27":6,"28":6,"29":24,"30":12,"31":0,"32":12,"33":12,"34":12,"35":12,"36":0,"37":0,"38":0,"39":0,"40":0,"41":0,"42":0,"43":0,"44":0,"45":0,"46":0,"47":0,"48":0,"49":0,"50":0,"51":0,"52":0,"53":0,"54":6,"55":0,"56":0,"57":0,"58":12,"59":12,"60":12,"61":2,"62":10,"63":12,"64":12,"65":12,"66":12,"67":0,"68":12,"69":708,"70":708,"71":357,"72":357,"73":12,"74":39,"75":39,"76":39,"77":39,"78":39,"79":39,"80":39,"81":39,"82":39,"83":39,"84":0,"85":6,"86":0,"87":6,"88":0,"89":0,"90":0,"91":0,"92":0,"93":0,"94":0,"95":0,"96":0,"97":0,"98":0,"99":6,"100":6,"101":6,"102":0},"b":{"1":[0,13],"2":[0,0],"3":[0,0],"4":[0,0],"5":[0,0],"6":[0,41],"7":[0,41],"8":[0,6],"9":[0,6],"10":[12,12],"11":[0,12],"12":[0,12],"13":[0,0],"14":[0,0],"15":[0,0],"16":[0,0],"17":[0,0],"18":[0,0],"19":[0,0],"20":[0,0],"21":[0,0],"22":[0,0],"23":[0,12],"24":[2,10],"25":[0,12],"26":[357,351],"27":[0,39],"28":[0,39],"29":[0,6],"30":[0,0],"31":[0,0],"32":[0,6],"33":[0,6]},"f":{"1":13,"2":0,"3":0,"4":41,"5":0,"6":6,"7":24,"8":0,"9":0,"10":0,"11":0,"12":0,"13":6,"14":0,"15":12,"16":39,"17":0,"18":6,"19":0,"20":0,"21":6,"22":0},"fnMap":{"1":{"name":"abs","line":47,"loc":{"start":{"line":47,"column":4},"end":{"line":54,"column":4}}},"2":{"name":"avg","line":60,"loc":{"start":{"line":60,"column":4},"end":{"line":76,"column":4}}},"3":{"name":"ceil","line":88,"loc":{"start":{"line":88,"column":4},"end":{"line":104,"column":4}}},"4":{"name":"div","line":122,"loc":{"start":{"line":122,"column":4},"end":{"line":152,"column":4}}},"5":{"name":"e","line":156,"loc":{"start":{"line":156,"column":4},"end":{"line":158,"column":4}}},"6":{"name":"exp","line":174,"loc":{"start":{"line":174,"column":4},"end":{"line":190,"column":4}}},"7":{"name":"exp2","line":205,"loc":{"start":{"line":205,"column":4},"end":{"line":231,"column":4}}},"8":{"name":"floor","line":243,"loc":{"start":{"line":243,"column":4},"end":{"line":259,"column":4}}},"9":{"name":"frac","line":266,"loc":{"start":{"line":266,"column":4},"end":{"line":270,"column":4}}},"10":{"name":"fromInt","line":280,"loc":{"start":{"line":280,"column":4},"end":{"line":290,"column":4}}},"11":{"name":"gm","line":301,"loc":{"start":{"line":301,"column":4},"end":{"line":322,"column":4}}},"12":{"name":"inv","line":331,"loc":{"start":{"line":331,"column":4},"end":{"line":336,"column":4}}},"13":{"name":"ln","line":351,"loc":{"start":{"line":351,"column":4},"end":{"line":357,"column":4}}},"14":{"name":"log10","line":372,"loc":{"start":{"line":372,"column":4},"end":{"line":469,"column":4}}},"15":{"name":"log2","line":484,"loc":{"start":{"line":484,"column":4},"end":{"line":532,"column":4}}},"16":{"name":"mul","line":551,"loc":{"start":{"line":551,"column":4},"end":{"line":575,"column":4}}},"17":{"name":"pi","line":578,"loc":{"start":{"line":578,"column":4},"end":{"line":580,"column":4}}},"18":{"name":"pow","line":597,"loc":{"start":{"line":597,"column":4},"end":{"line":603,"column":4}}},"19":{"name":"powu","line":621,"loc":{"start":{"line":621,"column":4},"end":{"line":646,"column":4}}},"20":{"name":"scale","line":649,"loc":{"start":{"line":649,"column":4},"end":{"line":651,"column":4}}},"21":{"name":"sqrt","line":662,"loc":{"start":{"line":662,"column":4},"end":{"line":674,"column":4}}},"22":{"name":"toInt","line":679,"loc":{"start":{"line":679,"column":4},"end":{"line":683,"column":4}}}},"statementMap":{"1":{"start":{"line":49,"column":12},"end":{"line":49,"column":2218}},"2":{"start":{"line":52,"column":12},"end":{"line":52,"column":34}},"3":{"start":{"line":63,"column":12},"end":{"line":63,"column":44}},"4":{"start":{"line":64,"column":12},"end":{"line":64,"column":2902}},"5":{"start":{"line":73,"column":16},"end":{"line":73,"column":41}},"6":{"start":{"line":89,"column":8},"end":{"line":89,"column":4132}},"7":{"start":{"line":93,"column":12},"end":{"line":93,"column":40}},"8":{"start":{"line":94,"column":12},"end":{"line":94,"column":4301}},"9":{"start":{"line":95,"column":16},"end":{"line":95,"column":25}},"10":{"start":{"line":98,"column":16},"end":{"line":98,"column":37}},"11":{"start":{"line":99,"column":16},"end":{"line":99,"column":4528}},"12":{"start":{"line":100,"column":20},"end":{"line":100,"column":34}},"13":{"start":{"line":123,"column":8},"end":{"line":123,"column":5479}},"14":{"start":{"line":128,"column":8},"end":{"line":128,"column":18}},"15":{"start":{"line":129,"column":8},"end":{"line":129,"column":18}},"16":{"start":{"line":131,"column":12},"end":{"line":131,"column":48}},"17":{"start":{"line":132,"column":12},"end":{"line":132,"column":48}},"18":{"start":{"line":136,"column":8},"end":{"line":136,"column":61}},"19":{"start":{"line":137,"column":8},"end":{"line":137,"column":5977}},"20":{"start":{"line":142,"column":8},"end":{"line":142,"column":18}},"21":{"start":{"line":143,"column":8},"end":{"line":143,"column":18}},"22":{"start":{"line":151,"column":8},"end":{"line":151,"column":59}},"23":{"start":{"line":157,"column":8},"end":{"line":157,"column":36}},"24":{"start":{"line":176,"column":8},"end":{"line":176,"column":7469}},"25":{"start":{"line":177,"column":12},"end":{"line":177,"column":20}},"26":{"start":{"line":181,"column":8},"end":{"line":181,"column":7629}},"27":{"start":{"line":187,"column":12},"end":{"line":187,"column":50}},"28":{"start":{"line":188,"column":12},"end":{"line":188,"column":67}},"29":{"start":{"line":207,"column":8},"end":{"line":207,"column":8612}},"30":{"start":{"line":209,"column":12},"end":{"line":209,"column":8748}},"31":{"start":{"line":210,"column":16},"end":{"line":210,"column":24}},"32":{"start":{"line":215,"column":16},"end":{"line":215,"column":39}},"33":{"start":{"line":219,"column":12},"end":{"line":219,"column":9124}},"34":{"start":{"line":225,"column":16},"end":{"line":225,"column":69}},"35":{"start":{"line":228,"column":16},"end":{"line":228,"column":53}},"36":{"start":{"line":244,"column":8},"end":{"line":244,"column":10242}},"37":{"start":{"line":248,"column":12},"end":{"line":248,"column":40}},"38":{"start":{"line":249,"column":12},"end":{"line":249,"column":10413}},"39":{"start":{"line":250,"column":16},"end":{"line":250,"column":25}},"40":{"start":{"line":253,"column":16},"end":{"line":253,"column":37}},"41":{"start":{"line":254,"column":16},"end":{"line":254,"column":10640}},"42":{"start":{"line":255,"column":20},"end":{"line":255,"column":34}},"43":{"start":{"line":268,"column":12},"end":{"line":268,"column":29}},"44":{"start":{"line":282,"column":12},"end":{"line":282,"column":11860}},"45":{"start":{"line":285,"column":12},"end":{"line":285,"column":11977}},"46":{"start":{"line":288,"column":12},"end":{"line":288,"column":29}},"47":{"start":{"line":302,"column":8},"end":{"line":302,"column":12683}},"48":{"start":{"line":303,"column":12},"end":{"line":303,"column":20}},"49":{"start":{"line":308,"column":12},"end":{"line":308,"column":29}},"50":{"start":{"line":309,"column":12},"end":{"line":309,"column":12882}},"51":{"start":{"line":314,"column":12},"end":{"line":314,"column":13032}},"52":{"start":{"line":320,"column":12},"end":{"line":320,"column":53}},"53":{"start":{"line":334,"column":12},"end":{"line":334,"column":28}},"54":{"start":{"line":355,"column":12},"end":{"line":355,"column":46}},"55":{"start":{"line":373,"column":8},"end":{"line":373,"column":15404}},"56":{"start":{"line":463,"column":8},"end":{"line":463,"column":22514}},"57":{"start":{"line":466,"column":16},"end":{"line":466,"column":64}},"58":{"start":{"line":485,"column":8},"end":{"line":485,"column":23462}},"59":{"start":{"line":490,"column":12},"end":{"line":490,"column":23}},"60":{"start":{"line":491,"column":12},"end":{"line":491,"column":23659}},"61":{"start":{"line":492,"column":16},"end":{"line":492,"column":23}},"62":{"start":{"line":494,"column":16},"end":{"line":494,"column":24}},"63":{"start":{"line":502,"column":12},"end":{"line":502,"column":70}},"64":{"start":{"line":506,"column":12},"end":{"line":506,"column":37}},"65":{"start":{"line":509,"column":12},"end":{"line":509,"column":29}},"66":{"start":{"line":512,"column":12},"end":{"line":512,"column":24562}},"67":{"start":{"line":513,"column":16},"end":{"line":513,"column":36}},"68":{"start":{"line":518,"column":12},"end":{"line":518,"column":24821}},"69":{"start":{"line":519,"column":16},"end":{"line":519,"column":34}},"70":{"start":{"line":522,"column":16},"end":{"line":522,"column":25002}},"71":{"start":{"line":524,"column":20},"end":{"line":524,"column":34}},"72":{"start":{"line":527,"column":20},"end":{"line":527,"column":26}},"73":{"start":{"line":530,"column":12},"end":{"line":530,"column":25}},"74":{"start":{"line":552,"column":8},"end":{"line":552,"column":26230}},"75":{"start":{"line":557,"column":12},"end":{"line":557,"column":22}},"76":{"start":{"line":558,"column":12},"end":{"line":558,"column":22}},"77":{"start":{"line":559,"column":12},"end":{"line":559,"column":48}},"78":{"start":{"line":560,"column":12},"end":{"line":560,"column":48}},"79":{"start":{"line":562,"column":12},"end":{"line":562,"column":59}},"80":{"start":{"line":563,"column":12},"end":{"line":563,"column":26588}},"81":{"start":{"line":567,"column":12},"end":{"line":567,"column":22}},"82":{"start":{"line":568,"column":12},"end":{"line":568,"column":22}},"83":{"start":{"line":573,"column":12},"end":{"line":573,"column":63}},"84":{"start":{"line":579,"column":8},"end":{"line":579,"column":36}},"85":{"start":{"line":598,"column":8},"end":{"line":598,"column":27799}},"86":{"start":{"line":599,"column":12},"end":{"line":599,"column":46}},"87":{"start":{"line":601,"column":12},"end":{"line":601,"column":41}},"88":{"start":{"line":622,"column":8},"end":{"line":622,"column":38}},"89":{"start":{"line":625,"column":8},"end":{"line":625,"column":56}},"90":{"start":{"line":628,"column":8},"end":{"line":628,"column":24}},"91":{"start":{"line":629,"column":8},"end":{"line":629,"column":28983}},"92":{"start":{"line":630,"column":12},"end":{"line":630,"column":54}},"93":{"start":{"line":633,"column":12},"end":{"line":633,"column":29152}},"94":{"start":{"line":634,"column":16},"end":{"line":634,"column":58}},"95":{"start":{"line":639,"column":8},"end":{"line":639,"column":29346}},"96":{"start":{"line":644,"column":8},"end":{"line":644,"column":45}},"97":{"start":{"line":645,"column":8},"end":{"line":645,"column":57}},"98":{"start":{"line":650,"column":8},"end":{"line":650,"column":21}},"99":{"start":{"line":664,"column":12},"end":{"line":664,"column":30376}},"100":{"start":{"line":667,"column":12},"end":{"line":667,"column":30476}},"101":{"start":{"line":672,"column":12},"end":{"line":672,"column":60}},"102":{"start":{"line":681,"column":12},"end":{"line":681,"column":29}}},"branchMap":{"1":{"line":49,"type":"if","locations":[{"start":{"line":49,"column":12},"end":{"line":49,"column":12}},{"start":{"line":49,"column":12},"end":{"line":49,"column":12}}]},"2":{"line":64,"type":"if","locations":[{"start":{"line":64,"column":12},"end":{"line":64,"column":12}},{"start":{"line":64,"column":12},"end":{"line":64,"column":12}}]},"3":{"line":89,"type":"if","locations":[{"start":{"line":89,"column":8},"end":{"line":89,"column":8}},{"start":{"line":89,"column":8},"end":{"line":89,"column":8}}]},"4":{"line":94,"type":"if","locations":[{"start":{"line":94,"column":12},"end":{"line":94,"column":12}},{"start":{"line":94,"column":12},"end":{"line":94,"column":12}}]},"5":{"line":99,"type":"if","locations":[{"start":{"line":99,"column":16},"end":{"line":99,"column":16}},{"start":{"line":99,"column":16},"end":{"line":99,"column":16}}]},"6":{"line":123,"type":"if","locations":[{"start":{"line":123,"column":8},"end":{"line":123,"column":8}},{"start":{"line":123,"column":8},"end":{"line":123,"column":8
[...]
09}},"25":{"start":{"line":83,"column":12},"end":{"line":83,"column":73}},"26":{"start":{"line":86,"column":12},"end":{"line":86,"column":54}},"27":{"start":{"line":89,"column":12},"end":{"line":89,"column":113}},"28":{"start":{"line":92,"column":8},"end":{"line":92,"column":69}},"29":{"start":{"line":94,"column":8},"end":{"line":94,"column":32}},"30":{"start":{"line":99,"column":8},"end":{"line":99,"column":100}},"31":{"start":{"line":100,"column":8},"end":{"line":100,"column":124}},"32":{"start":{"line":101,"column":8},"end":{"line":101,"column":51}},"33":{"start":{"line":104,"column":8},"end":{"line":104,"column":89}},"34":{"start":{"line":107,"column":8},"end":{"line":107,"column":129}},"35":{"start":{"line":110,"column":8},"end":{"line":110,"column":82}},"36":{"start":{"line":113,"column":8},"end":{"line":113,"column":71}},"37":{"start":{"line":115,"column":8},"end":{"line":115,"column":19}},"38":{"start":{"line":120,"column":8},"end":{"line":120,"column":5655}},"39":{"start":{"line":121,"column":12},"end":{"line":121,"column":48}},"40":{"start":{"line":123,"column":12},"end":{"line":123,"column":47}},"41":{"start":{"line":125,"column":8},"end":{"line":125,"column":20}}},"branchMap":{"1":{"line":22,"type":"if","locations":[{"start":{"line":22,"column":8},"end":{"line":22,"column":8}},{"start":{"line":22,"column":8},"end":{"line":22,"column":8}}]},"2":{"line":28,"type":"if","locations":[{"start":{"line":28,"column":8},"end":{"line":28,"column":8}},{"start":{"line":28,"column":8},"end":{"line":28,"column":8}}]},"3":{"line":32,"type":"if","locations":[{"start":{"line":32,"column":8},"end":{"line":32,"column":8}},{"start":{"line":32,"column":8},"end":{"line":32,"column":8}}]},"4":{"line":33,"type":"if","locations":[{"start":{"line":33,"column":8},"end":{"line":33,"column":8}},{"start":{"line":33,"column":8},"end":{"line":33,"column":8}}]},"5":{"line":36,"type":"if","locations":[{"start":{"line":36,"column":8},"end":{"line":36,"column":8}},{"start":{"line":36,"column":8},"end":{"line":36,"column":8}}]},"6":{"line":57,"type":"if","locations":[{"start":{"line":57,"column":8},"end":{"line":57,"column":8}},{"start":{"line":57,"column":8},"end":{"line":57,"column":8}}]},"7":{"line":59,"type":"if","locations":[{"start":{"line":59,"column":12},"end":{"line":59,"column":12}},{"start":{"line":59,"column":12},"end":{"line":59,"column":12}}]},"8":{"line":63,"type":"if","locations":[{"start":{"line":63,"column":12},"end":{"line":63,"column":12}},{"start":{"line":63,"column":12},"end":{"line":63,"column":12}}]},"9":{"line":76,"type":"if","locations":[{"start":{"line":76,"column":12},"end":{"line":76,"column":12}},{"start":{"line":76,"column":12},"end":{"line":76,"column":12}}]},"10":{"line":80,"type":"if","locations":[{"start":{"line":80,"column":12},"end":{"line":80,"column":12}},{"start":{"line":80,"column":12},"end":{"line":80,"column":12}}]},"11":{"line":104,"type":"if","locations":[{"start":{"line":104,"column":8},"end":{"line":104,"column":8}},{"start":{"line":104,"column":8},"end":{"line":104,"column":8}}]},"12":{"line":107,"type":"if","locations":[{"start":{"line":107,"column":8},"end":{"line":107,"column":8}},{"start":{"line":107,"column":8},"end":{"line":107,"column":8}}]},"13":{"line":110,"type":"if","locations":[{"start":{"line":110,"column":8},"end":{"line":110,"column":8}},{"start":{"line":110,"column":8},"end":{"line":110,"column":8}}]},"14":{"line":113,"type":"if","locations":[{"start":{"line":113,"column":8},"end":{"line":113,"column":8}},{"start":{"line":113,"column":8},"end":{"line":113,"column":8}}]},"15":{"line":120,"type":"if","locations":[{"start":{"line":120,"column":8},"end":{"line":120,"column":8}},{"start":{"line":120,"column":8},"end":{"line":120,"column":8}}]}}},"contracts/periphery/PeripheryController.sol":{"l":{"23":3,"24":3,"25":3,"29":4,"30":4,"31":4,"35":3,"36":3,"40":1,"41":1,"45":1,"49":1,"53":1,"57":1,"62":4,"63":4,"65":0},"path":"/home/turing/Desktop/deltadex/v1-core/contracts/periphery/PeripheryController.sol","s":{"1":3,"2":3,"3":4,"4":4,"5":3,"6":3,"7":1,"8":1,"9":1,"10":1,"11":1,"12":1,"13":4,"14":4,"15":0},"b":{"1":[3,0],"2":[4,0],"3":[4,0]},"f":{"1":3,"2":4,"3":3,"4":1,"5":1,"6":1,"7":1,"8":1,"9":4},"fnMap":{"1":{"name":"onlyDeployer","line":22,"loc":{"start":{"line":22,"column":4},"end":{"line":26,"column":4}}},"2":{"name":"onlyCore","line":28,"loc":{"start":{"line":28,"column":4},"end":{"line":32,"column":4}}},"3":{"name":"constructor","line":34,"loc":{"start":{"line":34,"column":4},"end":{"line":37,"column":4}}},"4":{"name":"initAvailablePairs","line":39,"loc":{"start":{"line":39,"column":4},"end":{"line":42,"column":4}}},"5":{"name":"setStorageAddr","line":44,"loc":{"start":{"line":44,"column":4},"end":{"line":46,"column":4}}},"6":{"name":"setCoreAddr","line":48,"loc":{"start":{"line":48,"column":4},"end":{"line":50,"column":4}}},"7":{"name":"getStorageAddr","line":52,"loc":{"start":{"line":52,"column":4},"end":{"line":54,"column":4}}},"8":{"name":"getCoreAddr","line":56,"loc":{"start":{"line":56,"column":4},"end":{"line":58,"column":4}}},"9":{"name":"checkTokenAddress","line":61,"loc":{"start":{"line":61,"column":4},"end":{"line":67,"column":4}}}},"statementMap":{"1":{"start":{"line":23,"column":8},"end":{"line":23,"column":35}},"2":{"start":{"line":24,"column":8},"end":{"line":24,"column":50}},"3":{"start":{"line":29,"column":8},"end":{"line":29,"column":35}},"4":{"start":{"line":30,"column":8},"end":{"line":30,"column":51}},"5":{"start":{"line":35,"column":8},"end":{"line":35,"column":17}},"6":{"start":{"line":36,"column":8},"end":{"line":36,"column":27}},"7":{"start":{"line":40,"column":8},"end":{"line":40,"column":38}},"8":{"start":{"line":41,"column":8},"end":{"line":41,"column":38}},"9":{"start":{"line":45,"column":8},"end":{"line":45,"column":33}},"10":{"start":{"line":49,"column":8},"end":{"line":49,"column":19}},"11":{"start":{"line":53,"column":8},"end":{"line":53,"column":39}},"12":{"start":{"line":57,"column":8},"end":{"line":57,"column":28}},"13":{"start":{"line":62,"column":8},"end":{"line":62,"column":1653}},"14":{"start":{"line":63,"column":12},"end":{"line":63,"column":23}},"15":{"start":{"line":65,"column":12},"end":{"line":65,"column":24}}},"branchMap":{"1":{"line":24,"type":"if","locations":[{"start":{"line":24,"column":8},"end":{"line":24,"column":8}},{"start":{"line":24,"column":8},"end":{"line":24,"column":8}}]},"2":{"line":30,"type":"if","locations":[{"start":{"line":30,"column":8},"end":{"line":30,"column":8}},{"start":{"line":30,"column":8},"end":{"line":30,"column":8}}]},"3":{"line":62,"type":"if","locations":[{"start":{"line":62,"column":8},"end":{"line":62,"column":8}},{"start":{"line":62,"column":8},"end":{"line":62,"column":8}}]}}},"contracts/storage/OptionStorage.sol":{"l":{"26":0,"27":0,"31":0,"32":0,"33":0,"38":2,"39":2,"40":2,"41":2,"42":0,"43":2,"47":2,"48":2,"52":2,"53":2,"55":2,"59":0,"64":0,"65":0,"66":0,"67":0,"68":0,"69":2,"73":2,"74":2,"75":2,"76":2,"77":2,"78":2,"79":2,"83":4,"84":4,"85":4,"89":2,"90":4,"94":1,"98":2,"102":2,"103":1,"107":1,"111":1,"115":1,"119":1,"123":1,"127":1,"128":1,"132":1,"133":1,"137":1,"138":1,"140":0,"141":0,"142":0,"144":0,"148":0,"149":0,"150":0,"151":0,"155":0,"156":0,"157":0},"path":"/home/turing/Desktop/deltadex/v1-core/contracts/storage/OptionStorage.sol","s":{"1":0,"2":0,"3":0,"4":0,"5":0,"6":2,"7":2,"8":2,"9":0,"10":0,"11":2,"12":2,"13":2,"14":2,"15":2,"16":0,"17":0,"18":0,"19":0,"20":0,"21":0,"22":0,"23":2,"24":2,"25":2,"26":2,"27":2,"28":2,"29":2,"30":2,"31":4,"32":4,"33":2,"34":4,"35":4,"36":1,"37":2,"38":2,"39":1,"40":1,"41":1,"42":1,"43":1,"44":1,"45":1,"46":1,"47":1,"48":1,"49":1,"50":1,"51":0,"52":0,"53":0,"54":0,"55":0,"56":0,"57":0,"58":0,"59":0,"60":0,"61":0},"b":{},"f":{"1":0,"2":0,"3":0,"4":2,"5":2,"6":0,"7":0,"8":2,"9":2,"10":2,"11":1,"12":2,"13":2,"14":1,"15":1,"16":1,"17":1,"18":1,"19":1,"20":1,"21":1,"22":0,"23":0},"fnMap":{"1":{"name":"write_BS_Options","line":25,"loc":{"start":{"line":25,"column":4},"end":{"line":28,"column":4}}},"2":{"name":"addInitialAmounts","line":30,"loc":{"start":{"line":30,"column":4},"end":{"line":34,"column":4}}},"3":{"name":"BS_edit_params","line":36,"loc":{"start":{"line":36,"column":4},"end":{"line":44,"column":4}}},"4":{"name":"BS_addFee","line":46,"loc":{"start":{"line":46,"column":4},"end":{"line":49,"column":4}}},"5":{"name":"BSgetHedgeAvailabilityParams","line":51,"loc":{"start":{"line":51,"column":4},"end":{"line":56,"column":4}}},"6":{"name":"BS_allPositionParams","line":58,"loc":{"start":{"line":58,"column":4},"end":{"line":60,"column":4}}},"7":{"name":"BS_getDeltaParams","line":63,"loc":{"start":{"line":63,"column":4},"end":{"line":70,"column":4}}},"8":{"name":"BS_PositionParams","line":72,"loc":{"start":{"line":72,"column":4},"end":{"line":80,"column":4}}},"9":{"name":"BS_tokenAddr","line":82,"loc":{"start":{"line":82,"column":4},"end":{"line":86,"column":4}}},"10":{"name":"BS_Options_expiry","line":88,"loc":{"start":{"line":88,"column":4},"end":{"line":91,"column":4}}},"11":{"name":"BS_Options_updateT","line":93,"loc":{"start":{"line":93,"column":4},"end":{"line":95,"column":4}}},"12":{"name":"BS_Options_updateTimeStamp","line":97,"loc":{"start":{"line":97,"column":4},"end":{"line":99,"column":4}}},"13":{"name":"BS_Options_contractAmount","line":101,"loc":{"start":{"line":101,"column":4},"end":{"line":104,"column":4}}},"14":{"name":"BS_Options_tokenA_balance","line":106,"loc":{"start":{"line":106,"column":4},"end":{"line":108,"column":4}}},"15":{"name":"BS_Options_tokenB_balance","line":110,"loc":{"start":{"line":110,"column":4},"end":{"line":112,"column":4}}},"16":{"name":"BS_Options_fee_balance","line":114,"loc":{"start":{"line":114,"column":4},"end":{"line":116,"column":4}}},"17":{"name":"BS_Options_hedgeFee","line":118,"loc":{"start":{"line":118,"column":4},"end":{"line":120,"column":4}}},"18":{"name":"BS_Options_updateHedgeFee","line":122,"loc":{"start":{"line":122,"column":4},"end":{"line":124,"column":4}}},"19":{"name":"BS_Options_subA_addB","line":126,"loc":{"start":{"line":126,"column":4},"end":{"line":129,"column":4}}},"20":{"name":"BS_Options_subB_addA","line":131,"loc":{"start":{"line":131,"column":4},"end":{"line":134,"column":4}}},"21":{"name":"BS_getWithdrawParams","line":136,"loc":{"start":{"line":136,"column":4},"end":{"line":145,"column":4}}},"22":{"name":"BS_withdraw","line":147,"loc":{"start":{"line":147,"column":4},"end":{"line":152,"column":4}}},"23":{"name":"BS_hedge","line":154,"loc":{"start":{"line":154,"column":4},"end":{"line":158,"column":4}}}},"statementMap":{"1":{"start":{"line":26,"column":8},"end":{"line":26,"column":43}},"2":{"start":{"line":27,"column":8},"end":{"line":27,"column":19}},"3":{"start":{"line":31,"column":8},"end":{"line":31,"column":69}},"4":{"start":{"line":32,"column":8},"end":{"line":32,"column":69}},"5":{"start":{"line":33,"column":8},"end":{"line":33,"column":19}},"6":{"start":{"line":38,"column":8},"end":{"line":38,"column":69}},"7":{"start":{"line":39,"column":8},"end":{"line":39,"column":69}},"8":{"start":{"line":40,"column":8},"end":{"line":40,"column":69}},"9":{"start":{"line":41,"column":8},"end":{"line":41,"column":77}},"10":{"start":{"line":42,"column":8},"end":{"line":42,"column":63}},"11":{"start":{"line":43,"column":8},"end":{"line":43,"column":19}},"12":{"start":{"line":47,"column":8},"end":{"line":47,"column":60}},"13":{"start":{"line":48,"column":8},"end":{"line":48,"column":19}},"14":{"start":{"line":52,"column":8},"end":{"line":52,"column":49}},"15":{"start":{"line":53,"column":8},"end":{"line":53,"column":73}},"16":{"start":{"line":55,"column":8},"end":{"line":55,"column":43}},"17":{"start":{"line":59,"column":8},"end":{"line":59,"column":41}},"18":{"start":{"line":64,"column":8},"end":{"line":64,"column":50}},"19":{"start":{"line":65,"column":8},"end":{"line":65,"column":50}},"20":{"start":{"line":66,"column":8},"end":{"line":66,"column":50}},"21":{"start":{"line":67,"column":8},"end":{"line":67,"column":58}},"22":{"start":{"line":68,"column":8},"end":{"line":68,"column":49}},"23":{"start":{"line":69,"column":8},"end":{"line":69,"column":40}},"24":{"start":{"line":73,"column":8},"end":{"line":73,"column":49}},"25":{"start":{"line":74,"column":8},"end":{"line":74,"column":49}},"26":{"start":{"line":75,"column":8},"end":{"line":75,"column":45}},"27":{"start":{"line":76,"column":8},"end":{"line":76,"column":49}},"28":{"start":{"line":77,"column":8},"end":{"line":77,"column":53}},"29":{"start":{"line":78,"column":8},"end":{"line":78,"column":73}},"30":{"start":{"line":79,"column":8},"end":{"line":79,"column":75}},"31":{"start":{"line":83,"column":8},"end":{"line":83,"column":49}},"32":{"start":{"line":84,"column":8},"end":{"line":84,"column":49}},"33":{"start":{"line":85,"column":8},"end":{"line":85,"column":31}},"34":{"start":{"line":89,"column":8},"end":{"line":89,"column":49}},"35":{"start":{"line":90,"column":8},"end":{"line":90,"column":21}},"36":{"start":{"line":94,"column":8},"end":{"line":94,"column":58}},"37":{"start":{"line":98,"column":8},"end":{"line":98,"column":73}},"38":{"start":{"line":102,"column":8},"end":{"line":102,"column":49}},"39":{"start":{"line":103,"column":8},"end":{"line":103,"column":21}},"40":{"start":{"line":107,"column":8},"end":{"line":107,"column":56}},"41":{"start":{"line":111,"column":8},"end":{"line":111,"column":56}},"42":{"start":{"line":115,"column":8},"end":{"line":115,"column":46}},"43":{"start":{"line":119,"column":8},"end":{"line":119,"column":50}},"44":{"start":{"line":123,"column":8},"end":{"line":123,"column":48}},"45":{"start":{"line":127,"column":8},"end":{"line":127,"column":56}},"46":{"start":{"line":128,"column":8},"end":{"line":128,"column":56}},"47":{"start":{"line":132,"column":8},"end":{"line":132,"column":56}},"48":{"start":{"line":133,"column":8},"end":{"line":133,"column":56}},"49":{"start":{"line":137,"column":8},"end":{"line":137,"column":49}},"50":{"start":{"line":138,"column":8},"end":{"line":138,"column":49}},"51":{"start":{"line":140,"column":8},"end":{"line":140,"column":65}},"52":{"start":{"line":141,"column":8},"end":{"line":141,"column":65}},"53":{"start":{"line":142,"column":8},"end":{"line":142,"column":51}},"54":{"start":{"line":144,"column":8},"end":{"line":144,"column":75}},"55":{"start":{"line":148,"column":8},"end":{"line":148,"column":52}},"56":{"start":{"line":149,"column":8},"end":{"line":149,"column":52}},"57":{"start":{"line":150,"column":8},"end":{"line":150,"column":42}},"58":{"start":{"line":151,"column":8},"end":{"line":151,"column":19}},"59":{"start":{"line":155,"column":8},"end":{"line":155,"column":65}},"60":{"start":{"line":156,"column":8},"end":{"line":156,"column":65}},"61":{"start":{"line":157,"column":8},"end":{"line":157,"column":45}}},"branchMap":{}},"contracts/storage/PairStorage.sol":{"l":{"42":0,"47":6,"52":6,"57":4,"62":4,"67":4,"73":1,"78":1,"79":1,"84":1,"85":1,"90":0,"91":0,"96":0,"97":0,"101":0,"106":0,"107":0},"path":"/home/turing/Desktop/deltadex/v1-core/contracts/storage/PairStorage.sol","s":{"1":0,"2":6,"3":6,"4":4,"5":4,"6":4,"7":1,"8":1,"9":1,"10":1,"11":1,"12":0,"13":0,"14":0,"15":0,"16":0,"17":0,"18":0},"b":{},"f":{"1":0,"2":0,"3":6,"4":4,"5":4,"6":4,"7":4,"8":1,"9":1,"10":1,"11":0,"12":0,"13":0},"fnMap":{"1":{"name":"numOfPairs","line":41,"loc":{"start":{"line":41,"column":4},"end":{"line":43,"column":4}}},"2":{"name":"returnPairAddress","line":46,"loc":{"start":{"line":46,"column":4},"end":{"line":48,"column":4}}},"3":{"name":"returnPairData","line":51,"loc":{"start":{"line":51,"column":4},"end":{"line":53,"column":4}}},"4":{"name":"userIDlength","line":56,"loc":{"start":{"line":56,"column":4},"end":{"line":58,"column":4}}},"5":{"name":"getUserPositions","line":61,"loc":{"start":{"line":61,"column":4},"end":{"line":63,"column":4}}},"6":{"name":"getNumberOfUsersInPair","line":66,"loc":{"start":{"line":66,"column":4},"end":{"line":68,"column":4}}},"7":{"name":"getUserAddressesInPair","line":72,"loc":{"start":{"line":72,"column":4},"end":{"line":74,"column":4}}},"8":{"name":"getPairUserAddress","line":77,"loc":{"start":{"line":77,"column":4},"end":{"line":80,"column":4}}},"9":{"name":"addPairtoUserPositions","line":83,"loc":{"start":{"line":83,"column":4},"end":{"line":86,"column":4}}},"10":{"name":"addPairUser","line":89,"loc":{"start":{"line":89,"column":4},"end":{"line":92,"column":4}}},"11":{"name":"setPair","line":95,"loc":{"start":{"line":95,"column":4},"end":{"line":98,"column":4}}},"12":{"name":"pushToAllPairs","line":100,"loc":{"start":{"line":100,"column":4},"end":{"line":102,"column":4}}},"13":{"name":"setTokensInPair","line":105,"loc":{"start":{"line":105,"column":4},"end":{"line":108,"column":4}}}},"statementMap":{"1":{"start":{"line":42,"column":8},"end":{"line":42,"column":30}},"2":{"start":{"line":47,"column":8},"end":{"line":47,"column":27}},"3":{"start":{"line":52,"column":8},"end":{"line":52,"column":26}},"4":{"start":{"line":57,"column":8},"end":{"line":57,"column":37}},"5":{"start":{"line":62,"column":8},"end":{"line":62,"column":30}},"6":{"start":{"line":67,"column":8},"end":{"line":67,"column":37}},"7":{"start":{"line":73,"column":8},"end":{"line":73,"column":30}},"8":{"start":{"line":78,"column":8},"end":{"line":78,"column":33}},"9":{"start":{"line":79,"column":8},"end":{"line":79,"column":19}},"10":{"start":{"line":84,"column":8},"end":{"line":84,"column":42}},"11":{"start":{"line":85,"column":8},"end":{"line":85,"column":19}},"12":{"start":{"line":90,"column":8},"end":{"line":90,"column":42}},"13":{"start":{"line":91,"column":8},"end":{"line":91,"column":19}},"14":{"start":{"line":96,"column":8},"end":{"line":96,"column":37}},"15":{"start":{"line":97,"column":8},"end":{"line":97,"column":37}},"16":{"start":{"line":101,"column":8},"end":{"line":101,"column":26}},"17":{"start":{"line":106,"column":8},"end":{"line":106,"column":34}},"18":{"start":{"line":107,"column":8},"end":{"line":107,"column":34}}},"branchMap":{}},"contracts/storage/StorageController.sol":{"l":{"15":3,"16":0,"17":0,"21":1,"22":1,"23":0,"27":0,"31":0,"35":0,"39":0,"43":0},"path":"/home/turing/Desktop/deltadex/v1-core/contracts/storage/StorageController.sol","s":{"1":0,"2":0,"3":1,"4":1,"5":0,"6":0,"7":0,"8":0,"9":0},"b":{"1":[0,0],"2":[0,1]},"f":{"1":3,"2":1,"3":0,"4":0,"5":0,"6":0,"7":0},"fnMap":{"1":{"name":"onlyDeployer","line":14,"loc":{"start":{"line":14,"column":4},"end":{"line":18,"column":4}}},"2":{"name":"onlyTrusted","line":20,"loc":{"start":{"line":20,"column":4},"end":{"line":24,"column":4}}},"3":{"name":"constructor","line":26,"loc":{"start":{"line":26,"column":4},"end":{"line":28,"column":4}}},"4":{"name":"getCoreAddr","line":30,"loc":{"start":{"line":30,"column":4},"end":{"line":32,"column":4}}},"5":{"name":"getPeripheryAddr","line":34,"loc":{"start":{"line":34,"column":4},"end":{"line":36,"column":4}}},"6":{"name":"setCoreAddr","line":38,"loc":{"start":{"line":38,"column":4},"end":{"line":40,"column":4}}},"7":{"name":"setPeripheryAddr","line":42,"loc":{"start":{"line":42,"column":4},"end":{"line":44,"column":4}}}},"statementMap":{"1":{"start":{"line":15,"column":8},"end":{"line":15,"column":38}},"2":{"start":{"line":16,"column":8},"end":{"line":16,"column":54}},"3":{"start":{"line":21,"column":8},"end":{"line":21,"column":35}},"4":{"start":{"line":22,"column":8},"end":{"line":22,"column":86}},"5":{"start":{"line":27,"column":8},"end":{"line":27,"column":28}},"6":{"start":{"line":31,"column":8},"end":{"line":31,"column":28}},"7":{"start":{"line":35,"column":8},"end":{"line":35,"column":35}},"8":{"start":{"line":39,"column":8},"end":{"line":39,"column":19}},"9":{"start":{"line":43,"column":8},"end":{"line":43,"column":29}}},"branchMap":{"1":{"line":16,"type":"if","locations":[{"start":{"line":16,"column":8},"end":{"line":16,"column":8}},{"start":{"line":16,"column":8},"end":{"line":16,"column":8}}]},"2":{"line":22,"type":"if","locations":[{"start":{"line":22,"column":8},"end":{"line":22,"column":8}},{"start":{"line":22,"column":8},"end":{"line":22,"column":8}}]}}}}